

Version:	3.12
CmdLine:	D:\pos_development\POS-Setup\ApnaPos.exe --l4j-debug
WOW64:		yes
Working dir:	D:\pos_development\POS-Setup\.
Java min ver:	
Java max ver:	
Bundled JRE:	bin\jre1.8.0_144
Check launcher:	D:\pos_development\POS-Setup\bin\jre1.8.0_144\bin\javaw.exe (OK)
Main class:	uk.chromis.pos.forms.StartPOS
Add classpath:	bin\lib\AbsoluteLayout-RELEASE802.jar
Add classpath:	bin\lib\ChromisCtrls.jar
Add classpath:	bin\lib\RXTXcomm.jar
Add classpath:	bin\lib\activation-1.0.2.jar
Add classpath:	bin\lib\ant-1.7.1.jar
Add classpath:	bin\lib\aopalliance-1.0.jar
Add classpath:	bin\lib\axis-1.4.jar
Add classpath:	bin\lib\axis-jaxrpc-1.4.jar
Add classpath:	bin\lib\axis-wsdl4j-1.5.1.jar
Add classpath:	bin\lib\backport-util-concurrent-3.1.jar
Add classpath:	bin\lib\barcode4j-2.1.jar
Add classpath:	bin\lib\bcmail-jdk14-138.jar
Add classpath:	bin\lib\bcpg-jdk15on-1.50.jar
Add classpath:	bin\lib\bcprov-jdk15on-1.50.jar
Add classpath:	bin\lib\bctsp-jdk14-1.38.jar
Add classpath:	bin\lib\bluecove-gpl-2.1.0.jar
Add classpath:	bin\lib\bsh-2.0b5.jar
Add classpath:	bin\lib\chromiscjtl.jar
Add classpath:	bin\lib\colorpicker.jar
Add classpath:	bin\lib\commons-beanutils-1.9.2.jar
Add classpath:	bin\lib\commons-codec-1.10.jar
Add classpath:	bin\lib\commons-collections-3.2.1.jar
Add classpath:	bin\lib\commons-digester-2.1.jar
Add classpath:	bin\lib\commons-discovery-0.5.jar
Add classpath:	bin\lib\commons-io-2.4.jar
Add classpath:	bin\lib\commons-lang-2.6.jar
Add classpath:	bin\lib\commons-logging-1.1.1.jar
Add classpath:	bin\lib\controlsfx-8.40.12.jar
Add classpath:	bin\lib\core-3.2.1.jar
Add classpath:	bin\lib\derby-10.14.1.0.jar
Add classpath:	bin\lib\ecj-4.4.2.jar
Add classpath:	bin\lib\fop-2.3.jar
Add classpath:	bin\lib\gson-2.2.2.jar
Add classpath:	bin\lib\hamcrest-core-1.3.jar
Add classpath:	bin\lib\httpclient-4.0-alpha4.jar
Add classpath:	bin\lib\httpcore-4.0-beta1.jar
Add classpath:	bin\lib\iTextAsian.jar
Add classpath:	bin\lib\itext-2.1.7.jar
Add classpath:	bin\lib\jasperreports-6.2.1.jar
Add classpath:	bin\lib\jasperreports-fonts-6.2.1.jar
Add classpath:	bin\lib\jasperreports-functions-6.2.1.jar
Add classpath:	bin\lib\jasypt-1.9.1.jar
Add classpath:	bin\lib\javacsv-2.0.jar
Add classpath:	bin\lib\javatuples-1.2.jar
Add classpath:	bin\lib\javax.inject-1.jar
Add classpath:	bin\lib\jcommon-1.0.23.jar
Add classpath:	bin\lib\jdbm-1.0.jar
Add classpath:	bin\lib\jdom-1.1.3.jar
Add classpath:	bin\lib\je-5.0.73.jar
Add classpath:	bin\lib\jersey-bundle-1.9-ea04.jar
Add classpath:	bin\lib\jersey-core-1.15.jar
Add classpath:	bin\lib\jersey-multipart-1.15.jar
Add classpath:	bin\lib\jfreechart-1.0.19.jar
Add classpath:	bin\lib\jline-1.0.jar
Add classpath:	bin\lib\joda-time-2.8.2.jar
Add classpath:	bin\lib\jpos-1.13.jar
Add classpath:	bin\lib\js-1.5R4.1.jar
Add classpath:	bin\lib\json-simple-1.1.1.jar
Add classpath:	bin\lib\jsr311-api-1.1.1.jar
Add classpath:	bin\lib\junit-4.11.jar
Add classpath:	bin\lib\jxl-2.4.2.jar
Add classpath:	bin\lib\kxml2-2.3.0.jar
Add classpath:	bin\lib\lablib-checkboxtree-4.0.jar
Add classpath:	bin\lib\laf-plugin-7.2.1.jar
Add classpath:	bin\lib\laf-widget-7.2.1.jar
Add classpath:	bin\lib\liquibase.jar
Add classpath:	bin\lib\lite-2.2.3.jar
Add classpath:	bin\lib\log4j-1.2.17.jar
Add classpath:	bin\lib\logback-classic-1.2.3.jar
Add classpath:	bin\lib\logback-core-1.2.3.jar
Add classpath:	bin\lib\lucene-analyzers-common-4.5.1.jar
Add classpath:	bin\lib\lucene-core-4.5.1.jar
Add classpath:	bin\lib\lucene-queries-4.5.1.jar
Add classpath:	bin\lib\lucene-queryparser-4.5.1.jar
Add classpath:	bin\lib\lucene-sandbox-4.5.1.jar
Add classpath:	bin\lib\mail-1.4.7.jar
Add classpath:	bin\lib\miglayout-4.0.jar
Add classpath:	bin\lib\mimepull-1.6.jar
Add classpath:	bin\lib\mysql-connector-java-5.1.45.jar
Add classpath:	bin\lib\nrjavaserial-3.11.0.jar
Add classpath:	bin\lib\olap4j-0.9.7.309-JS-3.jar
Add classpath:	bin\lib\org.eclipse.jdt.core-3.10.0.jar
Add classpath:	bin\lib\org.osgi.core-4.3.1.jar
Add classpath:	bin\lib\oro-2.0.8.jar
Add classpath:	bin\lib\poi-3.12.jar
Add classpath:	bin\lib\postgresql-9.4-1201-jdbc4.jar
Add classpath:	bin\lib\royalblueimages.jar
Add classpath:	bin\lib\rsyntaxtextarea-2.6.0.jar
Add classpath:	bin\lib\saaj-api-1.3.5.jar
Add classpath:	bin\lib\slf4j-api-1.7.25.jar
Add classpath:	bin\lib\slf4j-log4j12-1.6.2.jar
Add classpath:	bin\lib\stax-api-1.0-2.jar
Add classpath:	bin\lib\substance-6.0.jar
Add classpath:	bin\lib\substance-extras.jar
Add classpath:	bin\lib\substance-swingx-7.3.jar
Add classpath:	bin\lib\substance.jar
Add classpath:	bin\lib\swing-layout-1.0.3.jar
Add classpath:	bin\lib\swingx-action-1.6.3.jar
Add classpath:	bin\lib\swingx-all-1.6.5-1.jar
Add classpath:	bin\lib\swingx-autocomplete-1.6.3.jar
Add classpath:	bin\lib\swingx-common-1.6.3.jar
Add classpath:	bin\lib\swingx-core-1.6.3.jar
Add classpath:	bin\lib\swingx-painters-1.6.3.jar
Add classpath:	bin\lib\swingx-plaf-1.6.3.jar
Add classpath:	bin\lib\trident-1.2.jar
Add classpath:	bin\lib\trident-7.2.1-swing.jar
Add classpath:	bin\lib\velocity-1.7.jar
Add classpath:	bin\lib\xercesImpl-2.10.0.jar
Add classpath:	bin\lib\xml-apis-1.4.01.jar
Add classpath:	bin\lib\xmlParserAPIs-2.0.2.jar
Add classpath:	bin\lib\zxing-2.1.jar
Add classpath:	bin\lib\LicenseFileGenerator.jar
Launcher:	D:\pos_development\POS-Setup\bin\jre1.8.0_144\bin\javaw.exe
Launcher args:	-classpath "D:\pos_development\POS-Setup\ApnaPos.exe;bin\lib\AbsoluteLayout-RELEASE802.jar;bin\lib\ChromisCtrls.jar;bin\lib\RXTXcomm.jar;bin\lib\activation-1.0.2.jar;bin\lib\ant-1.7.1.jar;bin\lib\aopalliance-1.0.jar;bin\lib\axis-1.4.jar;bin\lib\axis-jaxrpc-1.4.jar;bin\lib\axis-wsdl4j-1.5.1.jar;bin\lib\backport-util-concurrent-3.1.jar;bin\lib\barcode4j-2.1.jar;bin\lib\bcmail-jdk14-138.jar;bin\lib\bcpg-jdk15on-1.50.jar;bin\lib\bcprov-jdk15on-1.50.jar;bin\lib\bctsp-jdk14-1.38.jar;bin\lib\bluecove-gpl-2.1.0.jar;bin\lib\bsh-2.0b5.jar;bin\lib\chromiscjtl.jar;bin\lib\colorpicker.jar;bin\lib\commons-beanutils-1.9.2.jar;bin\lib\commons-codec-1.10.jar;bin\lib\commons-collections-3.2.1.jar;bin\lib\commons-digester-2.1.jar;bin\lib\commons-discovery-0.5.jar;bin\lib\commons-io-2.4.jar;bin\lib\commons-lang-2.6.jar;bin\lib\commons-logging-1.1.1.jar;bin\lib\controlsfx-8.40.12.jar;bin\lib\core-3.2.1.jar;bin\lib\derby-10.14.1.0.jar;bin\lib\ecj-4.4.2.jar;bin\lib\fop-2.3.jar;bin\lib\gson-2.2.2.jar;bin\lib\hamcrest-core-1.3.jar;bin\lib\httpclient-4.0-alpha4.jar;bin\lib\httpcore-4.0-beta1.jar;bin\lib\iTextAsian.jar;bin\lib\itext-2.1.7.jar;bin\lib\jasperreports-6.2.1.jar;bin\lib\jasperreports-fonts-6.2.1.jar;bin\lib\jasperreports-functions-6.2.1.jar;bin\lib\jasypt-1.9.1.jar;bin\lib\javacsv-2.0.jar;bin\lib\javatuples-1.2.jar;bin\lib\javax.inject-1.jar;bin\lib\jcommon-1.0.23.jar;bin\lib\jdbm-1.0.jar;bin\lib\jdom-1.1.3.jar;bin\lib\je-5.0.73.jar;bin\lib\jersey-bundle-1.9-ea04.jar;bin\lib\jersey-core-1.15.jar;bin\lib\jersey-multipart-1.15.jar;bin\lib\jfreechart-1.0.19.jar;bin\lib\jline-1.0.jar;bin\lib\joda-time-2.8.2.jar;bin\lib\jpos-1.13.jar;bin\lib\js-1.5R4.1.jar;bin\lib\json-simple-1.1.1.jar;bin\lib\jsr311-api-1.1.1.jar;bin\lib\junit-4.11.jar;bin\lib\jxl-2.4.2.jar;bin\lib\kxml2-2.3.0.jar;bin\lib\lablib-checkboxtree-4.0.jar;bin\lib\laf-plugin-7.2.1.jar;bin\lib\laf-widget-7.2.1.jar;bin\lib\liquibase.jar;bin\lib\lite-2.2.3.jar;bin\lib\log4j-1.2.17.jar;bin\lib\logback-classic-1.2.3.jar;bin\lib\logback-core-1.2.3.jar;bin\lib\lucene-analyzers-common-4.5.1.jar;bin\lib\lucene-core-4.5.1.jar;bin\lib\lucene-queries-4.5.1.jar;bin\lib\lucene-queryparser-4.5.1.jar;bin\lib\lucene-sandbox-4.5.1.jar;bin\lib\mail-1.4.7.jar;bin\lib\miglayout-4.0.jar;bin\lib\mimepull-1.6.jar;bin\lib\mysql-connector-java-5.1.45.jar;bin\lib\nrjavaserial-3.11.0.jar;bin\lib\olap4j-0.9.7.309-JS-3.jar;bin\lib\org.eclipse.jdt.core-3.10.0.jar;bin\lib\org.osgi.core-4.3.1.jar;bin\lib\oro-2.0.8.jar;bin\lib\poi-3.12.jar;bin\lib\postgresql-9.4-1201-jdbc4.jar;bin\lib\royalblueimages.jar;bin\lib\rsyntaxtextarea-2.6.0.jar;bin\lib\saaj-api-1.3.5.jar;bin\lib\slf4j-api-1.7.25.jar;bin\lib\slf4j-log4j12-1.6.2.jar;bin\lib\stax-api-1.0-2.jar;bin\lib\substance-6.0.jar;bin\lib\substance-extras.jar;bin\lib\substance-swingx-7.3.jar;bin\lib\substance.jar;bin\lib\swing-layout-1.0.3.jar;bin\lib\swingx-action-1.6.3.jar;bin\lib\swingx-all-1.6.5-1.jar;bin\lib\swingx-autocomplete-1.6.3.jar;bin\lib\swingx-common-1.6.3.jar;bin\lib\swingx-core-1.6.3.jar;bin\lib\swingx-painters-1.6.3.jar;bin\lib\swingx-plaf-1.6.3.jar;bin\lib\trident-1.2.jar;bin\lib\trident-7.2.1-swing.jar;bin\lib\velocity-1.7.jar;bin\lib\xercesImpl-2.10.0.jar;bin\lib\xml-apis-1.4.01.jar;bin\lib\xmlParserAPIs-2.0.2.jar;bin\lib\zxing-2.1.jar;bin\lib\LicenseFileGenerator.jar" uk.chromis.pos.forms.StartPOS
Args length:	3331/32768 chars
Error msg:	An error occurred while starting the application.


Version:	3.12
CmdLine:	D:\pos_development\POS-Setup\ApnaPos.exe --l4j-debug
WOW64:		yes
Working dir:	D:\pos_development\POS-Setup\.
Java min ver:	
Java max ver:	
Bundled JRE:	bin\jre1.8.0_144
Check launcher:	D:\pos_development\POS-Setup\bin\jre1.8.0_144\bin\javaw.exe (OK)
Main class:	uk.chromis.pos.forms.StartPOS
Add classpath:	bin\lib\AbsoluteLayout-RELEASE802.jar
Add classpath:	bin\lib\ChromisCtrls.jar
Add classpath:	bin\lib\RXTXcomm.jar
Add classpath:	bin\lib\activation-1.0.2.jar
Add classpath:	bin\lib\ant-1.7.1.jar
Add classpath:	bin\lib\aopalliance-1.0.jar
Add classpath:	bin\lib\axis-1.4.jar
Add classpath:	bin\lib\axis-jaxrpc-1.4.jar
Add classpath:	bin\lib\axis-wsdl4j-1.5.1.jar
Add classpath:	bin\lib\backport-util-concurrent-3.1.jar
Add classpath:	bin\lib\barcode4j-2.1.jar
Add classpath:	bin\lib\bcmail-jdk14-138.jar
Add classpath:	bin\lib\bcpg-jdk15on-1.50.jar
Add classpath:	bin\lib\bcprov-jdk15on-1.50.jar
Add classpath:	bin\lib\bctsp-jdk14-1.38.jar
Add classpath:	bin\lib\bluecove-gpl-2.1.0.jar
Add classpath:	bin\lib\bsh-2.0b5.jar
Add classpath:	bin\lib\chromiscjtl.jar
Add classpath:	bin\lib\colorpicker.jar
Add classpath:	bin\lib\commons-beanutils-1.9.2.jar
Add classpath:	bin\lib\commons-codec-1.10.jar
Add classpath:	bin\lib\commons-collections-3.2.1.jar
Add classpath:	bin\lib\commons-digester-2.1.jar
Add classpath:	bin\lib\commons-discovery-0.5.jar
Add classpath:	bin\lib\commons-io-2.4.jar
Add classpath:	bin\lib\commons-lang-2.6.jar
Add classpath:	bin\lib\commons-logging-1.1.1.jar
Add classpath:	bin\lib\controlsfx-8.40.12.jar
Add classpath:	bin\lib\core-3.2.1.jar
Add classpath:	bin\lib\derby-10.14.1.0.jar
Add classpath:	bin\lib\ecj-4.4.2.jar
Add classpath:	bin\lib\fop-2.3.jar
Add classpath:	bin\lib\gson-2.2.2.jar
Add classpath:	bin\lib\hamcrest-core-1.3.jar
Add classpath:	bin\lib\httpclient-4.0-alpha4.jar
Add classpath:	bin\lib\httpcore-4.0-beta1.jar
Add classpath:	bin\lib\iTextAsian.jar
Add classpath:	bin\lib\itext-2.1.7.jar
Add classpath:	bin\lib\jasperreports-6.2.1.jar
Add classpath:	bin\lib\jasperreports-fonts-6.2.1.jar
Add classpath:	bin\lib\jasperreports-functions-6.2.1.jar
Add classpath:	bin\lib\jasypt-1.9.1.jar
Add classpath:	bin\lib\javacsv-2.0.jar
Add classpath:	bin\lib\javatuples-1.2.jar
Add classpath:	bin\lib\javax.inject-1.jar
Add classpath:	bin\lib\jcommon-1.0.23.jar
Add classpath:	bin\lib\jdbm-1.0.jar
Add classpath:	bin\lib\jdom-1.1.3.jar
Add classpath:	bin\lib\je-5.0.73.jar
Add classpath:	bin\lib\jersey-bundle-1.9-ea04.jar
Add classpath:	bin\lib\jersey-core-1.15.jar
Add classpath:	bin\lib\jersey-multipart-1.15.jar
Add classpath:	bin\lib\jfreechart-1.0.19.jar
Add classpath:	bin\lib\jline-1.0.jar
Add classpath:	bin\lib\joda-time-2.8.2.jar
Add classpath:	bin\lib\jpos-1.13.jar
Add classpath:	bin\lib\js-1.5R4.1.jar
Add classpath:	bin\lib\json-simple-1.1.1.jar
Add classpath:	bin\lib\jsr311-api-1.1.1.jar
Add classpath:	bin\lib\junit-4.11.jar
Add classpath:	bin\lib\jxl-2.4.2.jar
Add classpath:	bin\lib\kxml2-2.3.0.jar
Add classpath:	bin\lib\lablib-checkboxtree-4.0.jar
Add classpath:	bin\lib\laf-plugin-7.2.1.jar
Add classpath:	bin\lib\laf-widget-7.2.1.jar
Add classpath:	bin\lib\liquibase.jar
Add classpath:	bin\lib\lite-2.2.3.jar
Add classpath:	bin\lib\log4j-1.2.17.jar
Add classpath:	bin\lib\logback-classic-1.2.3.jar
Add classpath:	bin\lib\logback-core-1.2.3.jar
Add classpath:	bin\lib\lucene-analyzers-common-4.5.1.jar
Add classpath:	bin\lib\lucene-core-4.5.1.jar
Add classpath:	bin\lib\lucene-queries-4.5.1.jar
Add classpath:	bin\lib\lucene-queryparser-4.5.1.jar
Add classpath:	bin\lib\lucene-sandbox-4.5.1.jar
Add classpath:	bin\lib\mail-1.4.7.jar
Add classpath:	bin\lib\miglayout-4.0.jar
Add classpath:	bin\lib\mimepull-1.6.jar
Add classpath:	bin\lib\mysql-connector-java-5.1.45.jar
Add classpath:	bin\lib\nrjavaserial-3.11.0.jar
Add classpath:	bin\lib\olap4j-0.9.7.309-JS-3.jar
Add classpath:	bin\lib\org.eclipse.jdt.core-3.10.0.jar
Add classpath:	bin\lib\org.osgi.core-4.3.1.jar
Add classpath:	bin\lib\oro-2.0.8.jar
Add classpath:	bin\lib\poi-3.12.jar
Add classpath:	bin\lib\postgresql-9.4-1201-jdbc4.jar
Add classpath:	bin\lib\royalblueimages.jar
Add classpath:	bin\lib\rsyntaxtextarea-2.6.0.jar
Add classpath:	bin\lib\saaj-api-1.3.5.jar
Add classpath:	bin\lib\slf4j-api-1.7.25.jar
Add classpath:	bin\lib\slf4j-log4j12-1.6.2.jar
Add classpath:	bin\lib\stax-api-1.0-2.jar
Add classpath:	bin\lib\substance-6.0.jar
Add classpath:	bin\lib\substance-extras.jar
Add classpath:	bin\lib\substance-swingx-7.3.jar
Add classpath:	bin\lib\substance.jar
Add classpath:	bin\lib\swing-layout-1.0.3.jar
Add classpath:	bin\lib\swingx-action-1.6.3.jar
Add classpath:	bin\lib\swingx-all-1.6.5-1.jar
Add classpath:	bin\lib\swingx-autocomplete-1.6.3.jar
Add classpath:	bin\lib\swingx-common-1.6.3.jar
Add classpath:	bin\lib\swingx-core-1.6.3.jar
Add classpath:	bin\lib\swingx-painters-1.6.3.jar
Add classpath:	bin\lib\swingx-plaf-1.6.3.jar
Add classpath:	bin\lib\trident-1.2.jar
Add classpath:	bin\lib\trident-7.2.1-swing.jar
Add classpath:	bin\lib\velocity-1.7.jar
Add classpath:	bin\lib\xercesImpl-2.10.0.jar
Add classpath:	bin\lib\xml-apis-1.4.01.jar
Add classpath:	bin\lib\xmlParserAPIs-2.0.2.jar
Add classpath:	bin\lib\zxing-2.1.jar
Add classpath:	bin\lib\LicenseFileGenerator.jar
Launcher:	D:\pos_development\POS-Setup\bin\jre1.8.0_144\bin\javaw.exe
Launcher args:	-classpath "D:\pos_development\POS-Setup\ApnaPos.exe;bin\lib\AbsoluteLayout-RELEASE802.jar;bin\lib\ChromisCtrls.jar;bin\lib\RXTXcomm.jar;bin\lib\activation-1.0.2.jar;bin\lib\ant-1.7.1.jar;bin\lib\aopalliance-1.0.jar;bin\lib\axis-1.4.jar;bin\lib\axis-jaxrpc-1.4.jar;bin\lib\axis-wsdl4j-1.5.1.jar;bin\lib\backport-util-concurrent-3.1.jar;bin\lib\barcode4j-2.1.jar;bin\lib\bcmail-jdk14-138.jar;bin\lib\bcpg-jdk15on-1.50.jar;bin\lib\bcprov-jdk15on-1.50.jar;bin\lib\bctsp-jdk14-1.38.jar;bin\lib\bluecove-gpl-2.1.0.jar;bin\lib\bsh-2.0b5.jar;bin\lib\chromiscjtl.jar;bin\lib\colorpicker.jar;bin\lib\commons-beanutils-1.9.2.jar;bin\lib\commons-codec-1.10.jar;bin\lib\commons-collections-3.2.1.jar;bin\lib\commons-digester-2.1.jar;bin\lib\commons-discovery-0.5.jar;bin\lib\commons-io-2.4.jar;bin\lib\commons-lang-2.6.jar;bin\lib\commons-logging-1.1.1.jar;bin\lib\controlsfx-8.40.12.jar;bin\lib\core-3.2.1.jar;bin\lib\derby-10.14.1.0.jar;bin\lib\ecj-4.4.2.jar;bin\lib\fop-2.3.jar;bin\lib\gson-2.2.2.jar;bin\lib\hamcrest-core-1.3.jar;bin\lib\httpclient-4.0-alpha4.jar;bin\lib\httpcore-4.0-beta1.jar;bin\lib\iTextAsian.jar;bin\lib\itext-2.1.7.jar;bin\lib\jasperreports-6.2.1.jar;bin\lib\jasperreports-fonts-6.2.1.jar;bin\lib\jasperreports-functions-6.2.1.jar;bin\lib\jasypt-1.9.1.jar;bin\lib\javacsv-2.0.jar;bin\lib\javatuples-1.2.jar;bin\lib\javax.inject-1.jar;bin\lib\jcommon-1.0.23.jar;bin\lib\jdbm-1.0.jar;bin\lib\jdom-1.1.3.jar;bin\lib\je-5.0.73.jar;bin\lib\jersey-bundle-1.9-ea04.jar;bin\lib\jersey-core-1.15.jar;bin\lib\jersey-multipart-1.15.jar;bin\lib\jfreechart-1.0.19.jar;bin\lib\jline-1.0.jar;bin\lib\joda-time-2.8.2.jar;bin\lib\jpos-1.13.jar;bin\lib\js-1.5R4.1.jar;bin\lib\json-simple-1.1.1.jar;bin\lib\jsr311-api-1.1.1.jar;bin\lib\junit-4.11.jar;bin\lib\jxl-2.4.2.jar;bin\lib\kxml2-2.3.0.jar;bin\lib\lablib-checkboxtree-4.0.jar;bin\lib\laf-plugin-7.2.1.jar;bin\lib\laf-widget-7.2.1.jar;bin\lib\liquibase.jar;bin\lib\lite-2.2.3.jar;bin\lib\log4j-1.2.17.jar;bin\lib\logback-classic-1.2.3.jar;bin\lib\logback-core-1.2.3.jar;bin\lib\lucene-analyzers-common-4.5.1.jar;bin\lib\lucene-core-4.5.1.jar;bin\lib\lucene-queries-4.5.1.jar;bin\lib\lucene-queryparser-4.5.1.jar;bin\lib\lucene-sandbox-4.5.1.jar;bin\lib\mail-1.4.7.jar;bin\lib\miglayout-4.0.jar;bin\lib\mimepull-1.6.jar;bin\lib\mysql-connector-java-5.1.45.jar;bin\lib\nrjavaserial-3.11.0.jar;bin\lib\olap4j-0.9.7.309-JS-3.jar;bin\lib\org.eclipse.jdt.core-3.10.0.jar;bin\lib\org.osgi.core-4.3.1.jar;bin\lib\oro-2.0.8.jar;bin\lib\poi-3.12.jar;bin\lib\postgresql-9.4-1201-jdbc4.jar;bin\lib\royalblueimages.jar;bin\lib\rsyntaxtextarea-2.6.0.jar;bin\lib\saaj-api-1.3.5.jar;bin\lib\slf4j-api-1.7.25.jar;bin\lib\slf4j-log4j12-1.6.2.jar;bin\lib\stax-api-1.0-2.jar;bin\lib\substance-6.0.jar;bin\lib\substance-extras.jar;bin\lib\substance-swingx-7.3.jar;bin\lib\substance.jar;bin\lib\swing-layout-1.0.3.jar;bin\lib\swingx-action-1.6.3.jar;bin\lib\swingx-all-1.6.5-1.jar;bin\lib\swingx-autocomplete-1.6.3.jar;bin\lib\swingx-common-1.6.3.jar;bin\lib\swingx-core-1.6.3.jar;bin\lib\swingx-painters-1.6.3.jar;bin\lib\swingx-plaf-1.6.3.jar;bin\lib\trident-1.2.jar;bin\lib\trident-7.2.1-swing.jar;bin\lib\velocity-1.7.jar;bin\lib\xercesImpl-2.10.0.jar;bin\lib\xml-apis-1.4.01.jar;bin\lib\xmlParserAPIs-2.0.2.jar;bin\lib\zxing-2.1.jar;bin\lib\LicenseFileGenerator.jar" uk.chromis.pos.forms.StartPOS
Args length:	3331/32768 chars
Error msg:	An error occurred while starting the application.


Version:	3.12
CmdLine:	D:\pos_development\POS-Setup\ApnaPos.exe --l4j-debug
WOW64:		yes
Working dir:	D:\pos_development\POS-Setup\.
Java min ver:	
Java max ver:	
Bundled JRE:	bin\jre1.8.0_144
Check launcher:	D:\pos_development\POS-Setup\bin\jre1.8.0_144\bin\javaw.exe (OK)
Main class:	uk.chromis.pos.forms.StartPOS
Add classpath:	bin\lib\AbsoluteLayout-RELEASE802.jar
Add classpath:	bin\lib\ChromisCtrls.jar
Add classpath:	bin\lib\RXTXcomm.jar
Add classpath:	bin\lib\activation-1.0.2.jar
Add classpath:	bin\lib\ant-1.7.1.jar
Add classpath:	bin\lib\aopalliance-1.0.jar
Add classpath:	bin\lib\axis-1.4.jar
Add classpath:	bin\lib\axis-jaxrpc-1.4.jar
Add classpath:	bin\lib\axis-wsdl4j-1.5.1.jar
Add classpath:	bin\lib\backport-util-concurrent-3.1.jar
Add classpath:	bin\lib\barcode4j-2.1.jar
Add classpath:	bin\lib\bcmail-jdk14-138.jar
Add classpath:	bin\lib\bcpg-jdk15on-1.50.jar
Add classpath:	bin\lib\bcprov-jdk15on-1.50.jar
Add classpath:	bin\lib\bctsp-jdk14-1.38.jar
Add classpath:	bin\lib\bluecove-gpl-2.1.0.jar
Add classpath:	bin\lib\bsh-2.0b5.jar
Add classpath:	bin\lib\chromiscjtl.jar
Add classpath:	bin\lib\colorpicker.jar
Add classpath:	bin\lib\commons-beanutils-1.9.2.jar
Add classpath:	bin\lib\commons-codec-1.10.jar
Add classpath:	bin\lib\commons-collections-3.2.1.jar
Add classpath:	bin\lib\commons-digester-2.1.jar
Add classpath:	bin\lib\commons-discovery-0.5.jar
Add classpath:	bin\lib\commons-io-2.4.jar
Add classpath:	bin\lib\commons-lang-2.6.jar
Add classpath:	bin\lib\commons-logging-1.1.1.jar
Add classpath:	bin\lib\controlsfx-8.40.12.jar
Add classpath:	bin\lib\core-3.2.1.jar
Add classpath:	bin\lib\derby-10.14.1.0.jar
Add classpath:	bin\lib\ecj-4.4.2.jar
Add classpath:	bin\lib\fop-2.3.jar
Add classpath:	bin\lib\gson-2.2.2.jar
Add classpath:	bin\lib\hamcrest-core-1.3.jar
Add classpath:	bin\lib\httpclient-4.0-alpha4.jar
Add classpath:	bin\lib\httpcore-4.0-beta1.jar
Add classpath:	bin\lib\iTextAsian.jar
Add classpath:	bin\lib\itext-2.1.7.jar
Add classpath:	bin\lib\jasperreports-6.2.1.jar
Add classpath:	bin\lib\jasperreports-fonts-6.2.1.jar
Add classpath:	bin\lib\jasperreports-functions-6.2.1.jar
Add classpath:	bin\lib\jasypt-1.9.1.jar
Add classpath:	bin\lib\javacsv-2.0.jar
Add classpath:	bin\lib\javatuples-1.2.jar
Add classpath:	bin\lib\javax.inject-1.jar
Add classpath:	bin\lib\jcommon-1.0.23.jar
Add classpath:	bin\lib\jdbm-1.0.jar
Add classpath:	bin\lib\jdom-1.1.3.jar
Add classpath:	bin\lib\je-5.0.73.jar
Add classpath:	bin\lib\jersey-bundle-1.9-ea04.jar
Add classpath:	bin\lib\jersey-core-1.15.jar
Add classpath:	bin\lib\jersey-multipart-1.15.jar
Add classpath:	bin\lib\jfreechart-1.0.19.jar
Add classpath:	bin\lib\jline-1.0.jar
Add classpath:	bin\lib\joda-time-2.8.2.jar
Add classpath:	bin\lib\jpos-1.13.jar
Add classpath:	bin\lib\js-1.5R4.1.jar
Add classpath:	bin\lib\json-simple-1.1.1.jar
Add classpath:	bin\lib\jsr311-api-1.1.1.jar
Add classpath:	bin\lib\junit-4.11.jar
Add classpath:	bin\lib\jxl-2.4.2.jar
Add classpath:	bin\lib\kxml2-2.3.0.jar
Add classpath:	bin\lib\lablib-checkboxtree-4.0.jar
Add classpath:	bin\lib\laf-plugin-7.2.1.jar
Add classpath:	bin\lib\laf-widget-7.2.1.jar
Add classpath:	bin\lib\liquibase.jar
Add classpath:	bin\lib\lite-2.2.3.jar
Add classpath:	bin\lib\log4j-1.2.17.jar
Add classpath:	bin\lib\logback-classic-1.2.3.jar
Add classpath:	bin\lib\logback-core-1.2.3.jar
Add classpath:	bin\lib\lucene-analyzers-common-4.5.1.jar
Add classpath:	bin\lib\lucene-core-4.5.1.jar
Add classpath:	bin\lib\lucene-queries-4.5.1.jar
Add classpath:	bin\lib\lucene-queryparser-4.5.1.jar
Add classpath:	bin\lib\lucene-sandbox-4.5.1.jar
Add classpath:	bin\lib\mail-1.4.7.jar
Add classpath:	bin\lib\miglayout-4.0.jar
Add classpath:	bin\lib\mimepull-1.6.jar
Add classpath:	bin\lib\mysql-connector-java-5.1.45.jar
Add classpath:	bin\lib\nrjavaserial-3.11.0.jar
Add classpath:	bin\lib\olap4j-0.9.7.309-JS-3.jar
Add classpath:	bin\lib\org.eclipse.jdt.core-3.10.0.jar
Add classpath:	bin\lib\org.osgi.core-4.3.1.jar
Add classpath:	bin\lib\oro-2.0.8.jar
Add classpath:	bin\lib\poi-3.12.jar
Add classpath:	bin\lib\postgresql-9.4-1201-jdbc4.jar
Add classpath:	bin\lib\royalblueimages.jar
Add classpath:	bin\lib\rsyntaxtextarea-2.6.0.jar
Add classpath:	bin\lib\saaj-api-1.3.5.jar
Add classpath:	bin\lib\slf4j-api-1.7.25.jar
Add classpath:	bin\lib\slf4j-log4j12-1.6.2.jar
Add classpath:	bin\lib\stax-api-1.0-2.jar
Add classpath:	bin\lib\substance-6.0.jar
Add classpath:	bin\lib\substance-extras.jar
Add classpath:	bin\lib\substance-swingx-7.3.jar
Add classpath:	bin\lib\substance.jar
Add classpath:	bin\lib\swing-layout-1.0.3.jar
Add classpath:	bin\lib\swingx-action-1.6.3.jar
Add classpath:	bin\lib\swingx-all-1.6.5-1.jar
Add classpath:	bin\lib\swingx-autocomplete-1.6.3.jar
Add classpath:	bin\lib\swingx-common-1.6.3.jar
Add classpath:	bin\lib\swingx-core-1.6.3.jar
Add classpath:	bin\lib\swingx-painters-1.6.3.jar
Add classpath:	bin\lib\swingx-plaf-1.6.3.jar
Add classpath:	bin\lib\trident-1.2.jar
Add classpath:	bin\lib\trident-7.2.1-swing.jar
Add classpath:	bin\lib\velocity-1.7.jar
Add classpath:	bin\lib\xercesImpl-2.10.0.jar
Add classpath:	bin\lib\xml-apis-1.4.01.jar
Add classpath:	bin\lib\xmlParserAPIs-2.0.2.jar
Add classpath:	bin\lib\zxing-2.1.jar
Add classpath:	bin\lib\LicenseFileGenerator.jar
Launcher:	D:\pos_development\POS-Setup\bin\jre1.8.0_144\bin\javaw.exe
Launcher args:	-classpath "D:\pos_development\POS-Setup\ApnaPos.exe;bin\lib\AbsoluteLayout-RELEASE802.jar;bin\lib\ChromisCtrls.jar;bin\lib\RXTXcomm.jar;bin\lib\activation-1.0.2.jar;bin\lib\ant-1.7.1.jar;bin\lib\aopalliance-1.0.jar;bin\lib\axis-1.4.jar;bin\lib\axis-jaxrpc-1.4.jar;bin\lib\axis-wsdl4j-1.5.1.jar;bin\lib\backport-util-concurrent-3.1.jar;bin\lib\barcode4j-2.1.jar;bin\lib\bcmail-jdk14-138.jar;bin\lib\bcpg-jdk15on-1.50.jar;bin\lib\bcprov-jdk15on-1.50.jar;bin\lib\bctsp-jdk14-1.38.jar;bin\lib\bluecove-gpl-2.1.0.jar;bin\lib\bsh-2.0b5.jar;bin\lib\chromiscjtl.jar;bin\lib\colorpicker.jar;bin\lib\commons-beanutils-1.9.2.jar;bin\lib\commons-codec-1.10.jar;bin\lib\commons-collections-3.2.1.jar;bin\lib\commons-digester-2.1.jar;bin\lib\commons-discovery-0.5.jar;bin\lib\commons-io-2.4.jar;bin\lib\commons-lang-2.6.jar;bin\lib\commons-logging-1.1.1.jar;bin\lib\controlsfx-8.40.12.jar;bin\lib\core-3.2.1.jar;bin\lib\derby-10.14.1.0.jar;bin\lib\ecj-4.4.2.jar;bin\lib\fop-2.3.jar;bin\lib\gson-2.2.2.jar;bin\lib\hamcrest-core-1.3.jar;bin\lib\httpclient-4.0-alpha4.jar;bin\lib\httpcore-4.0-beta1.jar;bin\lib\iTextAsian.jar;bin\lib\itext-2.1.7.jar;bin\lib\jasperreports-6.2.1.jar;bin\lib\jasperreports-fonts-6.2.1.jar;bin\lib\jasperreports-functions-6.2.1.jar;bin\lib\jasypt-1.9.1.jar;bin\lib\javacsv-2.0.jar;bin\lib\javatuples-1.2.jar;bin\lib\javax.inject-1.jar;bin\lib\jcommon-1.0.23.jar;bin\lib\jdbm-1.0.jar;bin\lib\jdom-1.1.3.jar;bin\lib\je-5.0.73.jar;bin\lib\jersey-bundle-1.9-ea04.jar;bin\lib\jersey-core-1.15.jar;bin\lib\jersey-multipart-1.15.jar;bin\lib\jfreechart-1.0.19.jar;bin\lib\jline-1.0.jar;bin\lib\joda-time-2.8.2.jar;bin\lib\jpos-1.13.jar;bin\lib\js-1.5R4.1.jar;bin\lib\json-simple-1.1.1.jar;bin\lib\jsr311-api-1.1.1.jar;bin\lib\junit-4.11.jar;bin\lib\jxl-2.4.2.jar;bin\lib\kxml2-2.3.0.jar;bin\lib\lablib-checkboxtree-4.0.jar;bin\lib\laf-plugin-7.2.1.jar;bin\lib\laf-widget-7.2.1.jar;bin\lib\liquibase.jar;bin\lib\lite-2.2.3.jar;bin\lib\log4j-1.2.17.jar;bin\lib\logback-classic-1.2.3.jar;bin\lib\logback-core-1.2.3.jar;bin\lib\lucene-analyzers-common-4.5.1.jar;bin\lib\lucene-core-4.5.1.jar;bin\lib\lucene-queries-4.5.1.jar;bin\lib\lucene-queryparser-4.5.1.jar;bin\lib\lucene-sandbox-4.5.1.jar;bin\lib\mail-1.4.7.jar;bin\lib\miglayout-4.0.jar;bin\lib\mimepull-1.6.jar;bin\lib\mysql-connector-java-5.1.45.jar;bin\lib\nrjavaserial-3.11.0.jar;bin\lib\olap4j-0.9.7.309-JS-3.jar;bin\lib\org.eclipse.jdt.core-3.10.0.jar;bin\lib\org.osgi.core-4.3.1.jar;bin\lib\oro-2.0.8.jar;bin\lib\poi-3.12.jar;bin\lib\postgresql-9.4-1201-jdbc4.jar;bin\lib\royalblueimages.jar;bin\lib\rsyntaxtextarea-2.6.0.jar;bin\lib\saaj-api-1.3.5.jar;bin\lib\slf4j-api-1.7.25.jar;bin\lib\slf4j-log4j12-1.6.2.jar;bin\lib\stax-api-1.0-2.jar;bin\lib\substance-6.0.jar;bin\lib\substance-extras.jar;bin\lib\substance-swingx-7.3.jar;bin\lib\substance.jar;bin\lib\swing-layout-1.0.3.jar;bin\lib\swingx-action-1.6.3.jar;bin\lib\swingx-all-1.6.5-1.jar;bin\lib\swingx-autocomplete-1.6.3.jar;bin\lib\swingx-common-1.6.3.jar;bin\lib\swingx-core-1.6.3.jar;bin\lib\swingx-painters-1.6.3.jar;bin\lib\swingx-plaf-1.6.3.jar;bin\lib\trident-1.2.jar;bin\lib\trident-7.2.1-swing.jar;bin\lib\velocity-1.7.jar;bin\lib\xercesImpl-2.10.0.jar;bin\lib\xml-apis-1.4.01.jar;bin\lib\xmlParserAPIs-2.0.2.jar;bin\lib\zxing-2.1.jar;bin\lib\LicenseFileGenerator.jar" uk.chromis.pos.forms.StartPOS
Args length:	3331/32768 chars
Error msg:	An error occurred while starting the application.


Version:	3.12
CmdLine:	D:\pos_development\POS-Setup\ApnaPos.exe --l4j-debug
WOW64:		yes
Working dir:	D:\pos_development\POS-Setup\.
Java min ver:	
Java max ver:	
Bundled JRE:	bin\jre1.8.0_144
Check launcher:	D:\pos_development\POS-Setup\bin\jre1.8.0_144\bin\javaw.exe (OK)
Main class:	uk.chromis.pos.forms.StartPOS
Add classpath:	bin\lib\AbsoluteLayout-RELEASE802.jar
Add classpath:	bin\lib\ChromisCtrls.jar
Add classpath:	bin\lib\RXTXcomm.jar
Add classpath:	bin\lib\activation-1.0.2.jar
Add classpath:	bin\lib\ant-1.7.1.jar
Add classpath:	bin\lib\aopalliance-1.0.jar
Add classpath:	bin\lib\axis-1.4.jar
Add classpath:	bin\lib\axis-jaxrpc-1.4.jar
Add classpath:	bin\lib\axis-wsdl4j-1.5.1.jar
Add classpath:	bin\lib\backport-util-concurrent-3.1.jar
Add classpath:	bin\lib\barcode4j-2.1.jar
Add classpath:	bin\lib\bcmail-jdk14-138.jar
Add classpath:	bin\lib\bcpg-jdk15on-1.50.jar
Add classpath:	bin\lib\bcprov-jdk15on-1.50.jar
Add classpath:	bin\lib\bctsp-jdk14-1.38.jar
Add classpath:	bin\lib\bluecove-gpl-2.1.0.jar
Add classpath:	bin\lib\bsh-2.0b5.jar
Add classpath:	bin\lib\chromiscjtl.jar
Add classpath:	bin\lib\colorpicker.jar
Add classpath:	bin\lib\commons-beanutils-1.9.2.jar
Add classpath:	bin\lib\commons-codec-1.10.jar
Add classpath:	bin\lib\commons-collections-3.2.1.jar
Add classpath:	bin\lib\commons-digester-2.1.jar
Add classpath:	bin\lib\commons-discovery-0.5.jar
Add classpath:	bin\lib\commons-io-2.4.jar
Add classpath:	bin\lib\commons-lang-2.6.jar
Add classpath:	bin\lib\commons-logging-1.1.1.jar
Add classpath:	bin\lib\controlsfx-8.40.12.jar
Add classpath:	bin\lib\core-3.2.1.jar
Add classpath:	bin\lib\derby-10.14.1.0.jar
Add classpath:	bin\lib\ecj-4.4.2.jar
Add classpath:	bin\lib\fop-2.3.jar
Add classpath:	bin\lib\gson-2.2.2.jar
Add classpath:	bin\lib\hamcrest-core-1.3.jar
Add classpath:	bin\lib\httpclient-4.0-alpha4.jar
Add classpath:	bin\lib\httpcore-4.0-beta1.jar
Add classpath:	bin\lib\iTextAsian.jar
Add classpath:	bin\lib\itext-2.1.7.jar
Add classpath:	bin\lib\jasperreports-6.2.1.jar
Add classpath:	bin\lib\jasperreports-fonts-6.2.1.jar
Add classpath:	bin\lib\jasperreports-functions-6.2.1.jar
Add classpath:	bin\lib\jasypt-1.9.1.jar
Add classpath:	bin\lib\javacsv-2.0.jar
Add classpath:	bin\lib\javatuples-1.2.jar
Add classpath:	bin\lib\javax.inject-1.jar
Add classpath:	bin\lib\jcommon-1.0.23.jar
Add classpath:	bin\lib\jdbm-1.0.jar
Add classpath:	bin\lib\jdom-1.1.3.jar
Add classpath:	bin\lib\je-5.0.73.jar
Add classpath:	bin\lib\jersey-bundle-1.9-ea04.jar
Add classpath:	bin\lib\jersey-core-1.15.jar
Add classpath:	bin\lib\jersey-multipart-1.15.jar
Add classpath:	bin\lib\jfreechart-1.0.19.jar
Add classpath:	bin\lib\jline-1.0.jar
Add classpath:	bin\lib\joda-time-2.8.2.jar
Add classpath:	bin\lib\jpos-1.13.jar
Add classpath:	bin\lib\js-1.5R4.1.jar
Add classpath:	bin\lib\json-simple-1.1.1.jar
Add classpath:	bin\lib\jsr311-api-1.1.1.jar
Add classpath:	bin\lib\junit-4.11.jar
Add classpath:	bin\lib\jxl-2.4.2.jar
Add classpath:	bin\lib\kxml2-2.3.0.jar
Add classpath:	bin\lib\lablib-checkboxtree-4.0.jar
Add classpath:	bin\lib\laf-plugin-7.2.1.jar
Add classpath:	bin\lib\laf-widget-7.2.1.jar
Add classpath:	bin\lib\liquibase.jar
Add classpath:	bin\lib\lite-2.2.3.jar
Add classpath:	bin\lib\log4j-1.2.17.jar
Add classpath:	bin\lib\logback-classic-1.2.3.jar
Add classpath:	bin\lib\logback-core-1.2.3.jar
Add classpath:	bin\lib\lucene-analyzers-common-4.5.1.jar
Add classpath:	bin\lib\lucene-core-4.5.1.jar
Add classpath:	bin\lib\lucene-queries-4.5.1.jar
Add classpath:	bin\lib\lucene-queryparser-4.5.1.jar
Add classpath:	bin\lib\lucene-sandbox-4.5.1.jar
Add classpath:	bin\lib\mail-1.4.7.jar
Add classpath:	bin\lib\miglayout-4.0.jar
Add classpath:	bin\lib\mimepull-1.6.jar
Add classpath:	bin\lib\mysql-connector-java-5.1.45.jar
Add classpath:	bin\lib\nrjavaserial-3.11.0.jar
Add classpath:	bin\lib\olap4j-0.9.7.309-JS-3.jar
Add classpath:	bin\lib\org.eclipse.jdt.core-3.10.0.jar
Add classpath:	bin\lib\org.osgi.core-4.3.1.jar
Add classpath:	bin\lib\oro-2.0.8.jar
Add classpath:	bin\lib\poi-3.12.jar
Add classpath:	bin\lib\postgresql-9.4-1201-jdbc4.jar
Add classpath:	bin\lib\royalblueimages.jar
Add classpath:	bin\lib\rsyntaxtextarea-2.6.0.jar
Add classpath:	bin\lib\saaj-api-1.3.5.jar
Add classpath:	bin\lib\slf4j-api-1.7.25.jar
Add classpath:	bin\lib\slf4j-log4j12-1.6.2.jar
Add classpath:	bin\lib\stax-api-1.0-2.jar
Add classpath:	bin\lib\substance-6.0.jar
Add classpath:	bin\lib\substance-extras.jar
Add classpath:	bin\lib\substance-swingx-7.3.jar
Add classpath:	bin\lib\substance.jar
Add classpath:	bin\lib\swing-layout-1.0.3.jar
Add classpath:	bin\lib\swingx-action-1.6.3.jar
Add classpath:	bin\lib\swingx-all-1.6.5-1.jar
Add classpath:	bin\lib\swingx-autocomplete-1.6.3.jar
Add classpath:	bin\lib\swingx-common-1.6.3.jar
Add classpath:	bin\lib\swingx-core-1.6.3.jar
Add classpath:	bin\lib\swingx-painters-1.6.3.jar
Add classpath:	bin\lib\swingx-plaf-1.6.3.jar
Add classpath:	bin\lib\trident-1.2.jar
Add classpath:	bin\lib\trident-7.2.1-swing.jar
Add classpath:	bin\lib\velocity-1.7.jar
Add classpath:	bin\lib\xercesImpl-2.10.0.jar
Add classpath:	bin\lib\xml-apis-1.4.01.jar
Add classpath:	bin\lib\xmlParserAPIs-2.0.2.jar
Add classpath:	bin\lib\zxing-2.1.jar
Add classpath:	bin\lib\LicenseFileGenerator.jar
Launcher:	D:\pos_development\POS-Setup\bin\jre1.8.0_144\bin\javaw.exe
Launcher args:	-classpath "bin\lib\AbsoluteLayout-RELEASE802.jar;bin\lib\ChromisCtrls.jar;bin\lib\RXTXcomm.jar;bin\lib\activation-1.0.2.jar;bin\lib\ant-1.7.1.jar;bin\lib\aopalliance-1.0.jar;bin\lib\axis-1.4.jar;bin\lib\axis-jaxrpc-1.4.jar;bin\lib\axis-wsdl4j-1.5.1.jar;bin\lib\backport-util-concurrent-3.1.jar;bin\lib\barcode4j-2.1.jar;bin\lib\bcmail-jdk14-138.jar;bin\lib\bcpg-jdk15on-1.50.jar;bin\lib\bcprov-jdk15on-1.50.jar;bin\lib\bctsp-jdk14-1.38.jar;bin\lib\bluecove-gpl-2.1.0.jar;bin\lib\bsh-2.0b5.jar;bin\lib\chromiscjtl.jar;bin\lib\colorpicker.jar;bin\lib\commons-beanutils-1.9.2.jar;bin\lib\commons-codec-1.10.jar;bin\lib\commons-collections-3.2.1.jar;bin\lib\commons-digester-2.1.jar;bin\lib\commons-discovery-0.5.jar;bin\lib\commons-io-2.4.jar;bin\lib\commons-lang-2.6.jar;bin\lib\commons-logging-1.1.1.jar;bin\lib\controlsfx-8.40.12.jar;bin\lib\core-3.2.1.jar;bin\lib\derby-10.14.1.0.jar;bin\lib\ecj-4.4.2.jar;bin\lib\fop-2.3.jar;bin\lib\gson-2.2.2.jar;bin\lib\hamcrest-core-1.3.jar;bin\lib\httpclient-4.0-alpha4.jar;bin\lib\httpcore-4.0-beta1.jar;bin\lib\iTextAsian.jar;bin\lib\itext-2.1.7.jar;bin\lib\jasperreports-6.2.1.jar;bin\lib\jasperreports-fonts-6.2.1.jar;bin\lib\jasperreports-functions-6.2.1.jar;bin\lib\jasypt-1.9.1.jar;bin\lib\javacsv-2.0.jar;bin\lib\javatuples-1.2.jar;bin\lib\javax.inject-1.jar;bin\lib\jcommon-1.0.23.jar;bin\lib\jdbm-1.0.jar;bin\lib\jdom-1.1.3.jar;bin\lib\je-5.0.73.jar;bin\lib\jersey-bundle-1.9-ea04.jar;bin\lib\jersey-core-1.15.jar;bin\lib\jersey-multipart-1.15.jar;bin\lib\jfreechart-1.0.19.jar;bin\lib\jline-1.0.jar;bin\lib\joda-time-2.8.2.jar;bin\lib\jpos-1.13.jar;bin\lib\js-1.5R4.1.jar;bin\lib\json-simple-1.1.1.jar;bin\lib\jsr311-api-1.1.1.jar;bin\lib\junit-4.11.jar;bin\lib\jxl-2.4.2.jar;bin\lib\kxml2-2.3.0.jar;bin\lib\lablib-checkboxtree-4.0.jar;bin\lib\laf-plugin-7.2.1.jar;bin\lib\laf-widget-7.2.1.jar;bin\lib\liquibase.jar;bin\lib\lite-2.2.3.jar;bin\lib\log4j-1.2.17.jar;bin\lib\logback-classic-1.2.3.jar;bin\lib\logback-core-1.2.3.jar;bin\lib\lucene-analyzers-common-4.5.1.jar;bin\lib\lucene-core-4.5.1.jar;bin\lib\lucene-queries-4.5.1.jar;bin\lib\lucene-queryparser-4.5.1.jar;bin\lib\lucene-sandbox-4.5.1.jar;bin\lib\mail-1.4.7.jar;bin\lib\miglayout-4.0.jar;bin\lib\mimepull-1.6.jar;bin\lib\mysql-connector-java-5.1.45.jar;bin\lib\nrjavaserial-3.11.0.jar;bin\lib\olap4j-0.9.7.309-JS-3.jar;bin\lib\org.eclipse.jdt.core-3.10.0.jar;bin\lib\org.osgi.core-4.3.1.jar;bin\lib\oro-2.0.8.jar;bin\lib\poi-3.12.jar;bin\lib\postgresql-9.4-1201-jdbc4.jar;bin\lib\royalblueimages.jar;bin\lib\rsyntaxtextarea-2.6.0.jar;bin\lib\saaj-api-1.3.5.jar;bin\lib\slf4j-api-1.7.25.jar;bin\lib\slf4j-log4j12-1.6.2.jar;bin\lib\stax-api-1.0-2.jar;bin\lib\substance-6.0.jar;bin\lib\substance-extras.jar;bin\lib\substance-swingx-7.3.jar;bin\lib\substance.jar;bin\lib\swing-layout-1.0.3.jar;bin\lib\swingx-action-1.6.3.jar;bin\lib\swingx-all-1.6.5-1.jar;bin\lib\swingx-autocomplete-1.6.3.jar;bin\lib\swingx-common-1.6.3.jar;bin\lib\swingx-core-1.6.3.jar;bin\lib\swingx-painters-1.6.3.jar;bin\lib\swingx-plaf-1.6.3.jar;bin\lib\trident-1.2.jar;bin\lib\trident-7.2.1-swing.jar;bin\lib\velocity-1.7.jar;bin\lib\xercesImpl-2.10.0.jar;bin\lib\xml-apis-1.4.01.jar;bin\lib\xmlParserAPIs-2.0.2.jar;bin\lib\zxing-2.1.jar;bin\lib\LicenseFileGenerator.jar" uk.chromis.pos.forms.StartPOS
Args length:	3290/32768 chars
Error msg:	An error occurred while starting the application.


Version:	3.12
CmdLine:	D:\pos_development\POS-Setup\ApnaPos.exe --l4j-debug
WOW64:		yes
Working dir:	D:\pos_development\POS-Setup\.
Java min ver:	
Java max ver:	
Bundled JRE:	bin\jre1.8.0_144
Check launcher:	D:\pos_development\POS-Setup\bin\jre1.8.0_144\bin\javaw.exe (OK)
Main class:	uk.chromis.pos.forms.StartPOS
Add classpath:	bin\lib\AbsoluteLayout-RELEASE802.jar
Add classpath:	bin\lib\ChromisCtrls.jar
Add classpath:	bin\lib\RXTXcomm.jar
Add classpath:	bin\lib\activation-1.0.2.jar
Add classpath:	bin\lib\ant-1.7.1.jar
Add classpath:	bin\lib\aopalliance-1.0.jar
Add classpath:	bin\lib\axis-1.4.jar
Add classpath:	bin\lib\axis-jaxrpc-1.4.jar
Add classpath:	bin\lib\axis-wsdl4j-1.5.1.jar
Add classpath:	bin\lib\backport-util-concurrent-3.1.jar
Add classpath:	bin\lib\barcode4j-2.1.jar
Add classpath:	bin\lib\bcmail-jdk14-138.jar
Add classpath:	bin\lib\bcpg-jdk15on-1.50.jar
Add classpath:	bin\lib\bcprov-jdk15on-1.50.jar
Add classpath:	bin\lib\bctsp-jdk14-1.38.jar
Add classpath:	bin\lib\bluecove-gpl-2.1.0.jar
Add classpath:	bin\lib\bsh-2.0b5.jar
Add classpath:	bin\lib\chromiscjtl.jar
Add classpath:	bin\lib\colorpicker.jar
Add classpath:	bin\lib\commons-beanutils-1.9.2.jar
Add classpath:	bin\lib\commons-codec-1.10.jar
Add classpath:	bin\lib\commons-collections-3.2.1.jar
Add classpath:	bin\lib\commons-digester-2.1.jar
Add classpath:	bin\lib\commons-discovery-0.5.jar
Add classpath:	bin\lib\commons-io-2.4.jar
Add classpath:	bin\lib\commons-lang-2.6.jar
Add classpath:	bin\lib\commons-logging-1.1.1.jar
Add classpath:	bin\lib\controlsfx-8.40.12.jar
Add classpath:	bin\lib\core-3.2.1.jar
Add classpath:	bin\lib\derby-10.14.1.0.jar
Add classpath:	bin\lib\ecj-4.4.2.jar
Add classpath:	bin\lib\fop-2.3.jar
Add classpath:	bin\lib\gson-2.2.2.jar
Add classpath:	bin\lib\hamcrest-core-1.3.jar
Add classpath:	bin\lib\httpclient-4.0-alpha4.jar
Add classpath:	bin\lib\httpcore-4.0-beta1.jar
Add classpath:	bin\lib\iTextAsian.jar
Add classpath:	bin\lib\itext-2.1.7.jar
Add classpath:	bin\lib\jasperreports-6.2.1.jar
Add classpath:	bin\lib\jasperreports-fonts-6.2.1.jar
Add classpath:	bin\lib\jasperreports-functions-6.2.1.jar
Add classpath:	bin\lib\jasypt-1.9.1.jar
Add classpath:	bin\lib\javacsv-2.0.jar
Add classpath:	bin\lib\javatuples-1.2.jar
Add classpath:	bin\lib\javax.inject-1.jar
Add classpath:	bin\lib\jcommon-1.0.23.jar
Add classpath:	bin\lib\jdbm-1.0.jar
Add classpath:	bin\lib\jdom-1.1.3.jar
Add classpath:	bin\lib\je-5.0.73.jar
Add classpath:	bin\lib\jersey-bundle-1.9-ea04.jar
Add classpath:	bin\lib\jersey-core-1.15.jar
Add classpath:	bin\lib\jersey-multipart-1.15.jar
Add classpath:	bin\lib\jfreechart-1.0.19.jar
Add classpath:	bin\lib\jline-1.0.jar
Add classpath:	bin\lib\joda-time-2.8.2.jar
Add classpath:	bin\lib\jpos-1.13.jar
Add classpath:	bin\lib\js-1.5R4.1.jar
Add classpath:	bin\lib\json-simple-1.1.1.jar
Add classpath:	bin\lib\jsr311-api-1.1.1.jar
Add classpath:	bin\lib\junit-4.11.jar
Add classpath:	bin\lib\jxl-2.4.2.jar
Add classpath:	bin\lib\kxml2-2.3.0.jar
Add classpath:	bin\lib\lablib-checkboxtree-4.0.jar
Add classpath:	bin\lib\laf-plugin-7.2.1.jar
Add classpath:	bin\lib\laf-widget-7.2.1.jar
Add classpath:	bin\lib\liquibase.jar
Add classpath:	bin\lib\lite-2.2.3.jar
Add classpath:	bin\lib\log4j-1.2.17.jar
Add classpath:	bin\lib\logback-classic-1.2.3.jar
Add classpath:	bin\lib\logback-core-1.2.3.jar
Add classpath:	bin\lib\lucene-analyzers-common-4.5.1.jar
Add classpath:	bin\lib\lucene-core-4.5.1.jar
Add classpath:	bin\lib\lucene-queries-4.5.1.jar
Add classpath:	bin\lib\lucene-queryparser-4.5.1.jar
Add classpath:	bin\lib\lucene-sandbox-4.5.1.jar
Add classpath:	bin\lib\mail-1.4.7.jar
Add classpath:	bin\lib\miglayout-4.0.jar
Add classpath:	bin\lib\mimepull-1.6.jar
Add classpath:	bin\lib\mysql-connector-java-5.1.45.jar
Add classpath:	bin\lib\nrjavaserial-3.11.0.jar
Add classpath:	bin\lib\olap4j-0.9.7.309-JS-3.jar
Add classpath:	bin\lib\org.eclipse.jdt.core-3.10.0.jar
Add classpath:	bin\lib\org.osgi.core-4.3.1.jar
Add classpath:	bin\lib\oro-2.0.8.jar
Add classpath:	bin\lib\poi-3.12.jar
Add classpath:	bin\lib\postgresql-9.4-1201-jdbc4.jar
Add classpath:	bin\lib\royalblueimages.jar
Add classpath:	bin\lib\rsyntaxtextarea-2.6.0.jar
Add classpath:	bin\lib\saaj-api-1.3.5.jar
Add classpath:	bin\lib\slf4j-api-1.7.25.jar
Add classpath:	bin\lib\slf4j-log4j12-1.6.2.jar
Add classpath:	bin\lib\stax-api-1.0-2.jar
Add classpath:	bin\lib\substance-6.0.jar
Add classpath:	bin\lib\substance-extras.jar
Add classpath:	bin\lib\substance-swingx-7.3.jar
Add classpath:	bin\lib\substance.jar
Add classpath:	bin\lib\swing-layout-1.0.3.jar
Add classpath:	bin\lib\swingx-action-1.6.3.jar
Add classpath:	bin\lib\swingx-all-1.6.5-1.jar
Add classpath:	bin\lib\swingx-autocomplete-1.6.3.jar
Add classpath:	bin\lib\swingx-common-1.6.3.jar
Add classpath:	bin\lib\swingx-core-1.6.3.jar
Add classpath:	bin\lib\swingx-painters-1.6.3.jar
Add classpath:	bin\lib\swingx-plaf-1.6.3.jar
Add classpath:	bin\lib\trident-1.2.jar
Add classpath:	bin\lib\trident-7.2.1-swing.jar
Add classpath:	bin\lib\velocity-1.7.jar
Add classpath:	bin\lib\xercesImpl-2.10.0.jar
Add classpath:	bin\lib\xml-apis-1.4.01.jar
Add classpath:	bin\lib\xmlParserAPIs-2.0.2.jar
Add classpath:	bin\lib\zxing-2.1.jar
Add classpath:	bin\lib\LicenseFileGenerator.jar
Launcher:	D:\pos_development\POS-Setup\bin\jre1.8.0_144\bin\javaw.exe
Launcher args:	-classpath "D:\pos_development\POS-Setup\ApnaPos.exe;bin\lib\AbsoluteLayout-RELEASE802.jar;bin\lib\ChromisCtrls.jar;bin\lib\RXTXcomm.jar;bin\lib\activation-1.0.2.jar;bin\lib\ant-1.7.1.jar;bin\lib\aopalliance-1.0.jar;bin\lib\axis-1.4.jar;bin\lib\axis-jaxrpc-1.4.jar;bin\lib\axis-wsdl4j-1.5.1.jar;bin\lib\backport-util-concurrent-3.1.jar;bin\lib\barcode4j-2.1.jar;bin\lib\bcmail-jdk14-138.jar;bin\lib\bcpg-jdk15on-1.50.jar;bin\lib\bcprov-jdk15on-1.50.jar;bin\lib\bctsp-jdk14-1.38.jar;bin\lib\bluecove-gpl-2.1.0.jar;bin\lib\bsh-2.0b5.jar;bin\lib\chromiscjtl.jar;bin\lib\colorpicker.jar;bin\lib\commons-beanutils-1.9.2.jar;bin\lib\commons-codec-1.10.jar;bin\lib\commons-collections-3.2.1.jar;bin\lib\commons-digester-2.1.jar;bin\lib\commons-discovery-0.5.jar;bin\lib\commons-io-2.4.jar;bin\lib\commons-lang-2.6.jar;bin\lib\commons-logging-1.1.1.jar;bin\lib\controlsfx-8.40.12.jar;bin\lib\core-3.2.1.jar;bin\lib\derby-10.14.1.0.jar;bin\lib\ecj-4.4.2.jar;bin\lib\fop-2.3.jar;bin\lib\gson-2.2.2.jar;bin\lib\hamcrest-core-1.3.jar;bin\lib\httpclient-4.0-alpha4.jar;bin\lib\httpcore-4.0-beta1.jar;bin\lib\iTextAsian.jar;bin\lib\itext-2.1.7.jar;bin\lib\jasperreports-6.2.1.jar;bin\lib\jasperreports-fonts-6.2.1.jar;bin\lib\jasperreports-functions-6.2.1.jar;bin\lib\jasypt-1.9.1.jar;bin\lib\javacsv-2.0.jar;bin\lib\javatuples-1.2.jar;bin\lib\javax.inject-1.jar;bin\lib\jcommon-1.0.23.jar;bin\lib\jdbm-1.0.jar;bin\lib\jdom-1.1.3.jar;bin\lib\je-5.0.73.jar;bin\lib\jersey-bundle-1.9-ea04.jar;bin\lib\jersey-core-1.15.jar;bin\lib\jersey-multipart-1.15.jar;bin\lib\jfreechart-1.0.19.jar;bin\lib\jline-1.0.jar;bin\lib\joda-time-2.8.2.jar;bin\lib\jpos-1.13.jar;bin\lib\js-1.5R4.1.jar;bin\lib\json-simple-1.1.1.jar;bin\lib\jsr311-api-1.1.1.jar;bin\lib\junit-4.11.jar;bin\lib\jxl-2.4.2.jar;bin\lib\kxml2-2.3.0.jar;bin\lib\lablib-checkboxtree-4.0.jar;bin\lib\laf-plugin-7.2.1.jar;bin\lib\laf-widget-7.2.1.jar;bin\lib\liquibase.jar;bin\lib\lite-2.2.3.jar;bin\lib\log4j-1.2.17.jar;bin\lib\logback-classic-1.2.3.jar;bin\lib\logback-core-1.2.3.jar;bin\lib\lucene-analyzers-common-4.5.1.jar;bin\lib\lucene-core-4.5.1.jar;bin\lib\lucene-queries-4.5.1.jar;bin\lib\lucene-queryparser-4.5.1.jar;bin\lib\lucene-sandbox-4.5.1.jar;bin\lib\mail-1.4.7.jar;bin\lib\miglayout-4.0.jar;bin\lib\mimepull-1.6.jar;bin\lib\mysql-connector-java-5.1.45.jar;bin\lib\nrjavaserial-3.11.0.jar;bin\lib\olap4j-0.9.7.309-JS-3.jar;bin\lib\org.eclipse.jdt.core-3.10.0.jar;bin\lib\org.osgi.core-4.3.1.jar;bin\lib\oro-2.0.8.jar;bin\lib\poi-3.12.jar;bin\lib\postgresql-9.4-1201-jdbc4.jar;bin\lib\royalblueimages.jar;bin\lib\rsyntaxtextarea-2.6.0.jar;bin\lib\saaj-api-1.3.5.jar;bin\lib\slf4j-api-1.7.25.jar;bin\lib\slf4j-log4j12-1.6.2.jar;bin\lib\stax-api-1.0-2.jar;bin\lib\substance-6.0.jar;bin\lib\substance-extras.jar;bin\lib\substance-swingx-7.3.jar;bin\lib\substance.jar;bin\lib\swing-layout-1.0.3.jar;bin\lib\swingx-action-1.6.3.jar;bin\lib\swingx-all-1.6.5-1.jar;bin\lib\swingx-autocomplete-1.6.3.jar;bin\lib\swingx-common-1.6.3.jar;bin\lib\swingx-core-1.6.3.jar;bin\lib\swingx-painters-1.6.3.jar;bin\lib\swingx-plaf-1.6.3.jar;bin\lib\trident-1.2.jar;bin\lib\trident-7.2.1-swing.jar;bin\lib\velocity-1.7.jar;bin\lib\xercesImpl-2.10.0.jar;bin\lib\xml-apis-1.4.01.jar;bin\lib\xmlParserAPIs-2.0.2.jar;bin\lib\zxing-2.1.jar;bin\lib\LicenseFileGenerator.jar" uk.chromis.pos.forms.StartPOS
Args length:	3331/32768 chars
Error msg:	An error occurred while starting the application.


Version:	3.12
CmdLine:	D:\pos_development\POS-Setup\ApnaPos.exe --l4j-debug
WOW64:		yes
Working dir:	D:\pos_development\POS-Setup\.
Java min ver:	
Java max ver:	
Bundled JRE:	bin\jre1.8.0_144
Check launcher:	D:\pos_development\POS-Setup\bin\jre1.8.0_144\bin\javaw.exe (OK)
Main class:	uk.chromis.pos.forms.StartPOS
Add classpath:	bin\lib\AbsoluteLayout-RELEASE802.jar
Add classpath:	bin\lib\ChromisCtrls.jar
Add classpath:	bin\lib\RXTXcomm.jar
Add classpath:	bin\lib\activation-1.0.2.jar
Add classpath:	bin\lib\ant-1.7.1.jar
Add classpath:	bin\lib\aopalliance-1.0.jar
Add classpath:	bin\lib\axis-1.4.jar
Add classpath:	bin\lib\axis-jaxrpc-1.4.jar
Add classpath:	bin\lib\axis-wsdl4j-1.5.1.jar
Add classpath:	bin\lib\backport-util-concurrent-3.1.jar
Add classpath:	bin\lib\barcode4j-2.1.jar
Add classpath:	bin\lib\bcmail-jdk14-138.jar
Add classpath:	bin\lib\bcpg-jdk15on-1.50.jar
Add classpath:	bin\lib\bcprov-jdk15on-1.50.jar
Add classpath:	bin\lib\bctsp-jdk14-1.38.jar
Add classpath:	bin\lib\bluecove-gpl-2.1.0.jar
Add classpath:	bin\lib\bsh-2.0b5.jar
Add classpath:	bin\lib\chromiscjtl.jar
Add classpath:	bin\lib\colorpicker.jar
Add classpath:	bin\lib\commons-beanutils-1.9.2.jar
Add classpath:	bin\lib\commons-codec-1.10.jar
Add classpath:	bin\lib\commons-collections-3.2.1.jar
Add classpath:	bin\lib\commons-digester-2.1.jar
Add classpath:	bin\lib\commons-discovery-0.5.jar
Add classpath:	bin\lib\commons-io-2.4.jar
Add classpath:	bin\lib\commons-lang-2.6.jar
Add classpath:	bin\lib\commons-logging-1.1.1.jar
Add classpath:	bin\lib\controlsfx-8.40.12.jar
Add classpath:	bin\lib\core-3.2.1.jar
Add classpath:	bin\lib\derby-10.14.1.0.jar
Add classpath:	bin\lib\ecj-4.4.2.jar
Add classpath:	bin\lib\fop-2.3.jar
Add classpath:	bin\lib\gson-2.2.2.jar
Add classpath:	bin\lib\hamcrest-core-1.3.jar
Add classpath:	bin\lib\httpclient-4.0-alpha4.jar
Add classpath:	bin\lib\httpcore-4.0-beta1.jar
Add classpath:	bin\lib\iTextAsian.jar
Add classpath:	bin\lib\itext-2.1.7.jar
Add classpath:	bin\lib\jasperreports-6.2.1.jar
Add classpath:	bin\lib\jasperreports-fonts-6.2.1.jar
Add classpath:	bin\lib\jasperreports-functions-6.2.1.jar
Add classpath:	bin\lib\jasypt-1.9.1.jar
Add classpath:	bin\lib\javacsv-2.0.jar
Add classpath:	bin\lib\javatuples-1.2.jar
Add classpath:	bin\lib\javax.inject-1.jar
Add classpath:	bin\lib\jcommon-1.0.23.jar
Add classpath:	bin\lib\jdbm-1.0.jar
Add classpath:	bin\lib\jdom-1.1.3.jar
Add classpath:	bin\lib\je-5.0.73.jar
Add classpath:	bin\lib\jersey-bundle-1.9-ea04.jar
Add classpath:	bin\lib\jersey-core-1.15.jar
Add classpath:	bin\lib\jersey-multipart-1.15.jar
Add classpath:	bin\lib\jfreechart-1.0.19.jar
Add classpath:	bin\lib\jline-1.0.jar
Add classpath:	bin\lib\joda-time-2.8.2.jar
Add classpath:	bin\lib\jpos-1.13.jar
Add classpath:	bin\lib\js-1.5R4.1.jar
Add classpath:	bin\lib\json-simple-1.1.1.jar
Add classpath:	bin\lib\jsr311-api-1.1.1.jar
Add classpath:	bin\lib\junit-4.11.jar
Add classpath:	bin\lib\jxl-2.4.2.jar
Add classpath:	bin\lib\kxml2-2.3.0.jar
Add classpath:	bin\lib\lablib-checkboxtree-4.0.jar
Add classpath:	bin\lib\laf-plugin-7.2.1.jar
Add classpath:	bin\lib\laf-widget-7.2.1.jar
Add classpath:	bin\lib\liquibase.jar
Add classpath:	bin\lib\lite-2.2.3.jar
Add classpath:	bin\lib\log4j-1.2.17.jar
Add classpath:	bin\lib\logback-classic-1.2.3.jar
Add classpath:	bin\lib\logback-core-1.2.3.jar
Add classpath:	bin\lib\lucene-analyzers-common-4.5.1.jar
Add classpath:	bin\lib\lucene-core-4.5.1.jar
Add classpath:	bin\lib\lucene-queries-4.5.1.jar
Add classpath:	bin\lib\lucene-queryparser-4.5.1.jar
Add classpath:	bin\lib\lucene-sandbox-4.5.1.jar
Add classpath:	bin\lib\mail-1.4.7.jar
Add classpath:	bin\lib\miglayout-4.0.jar
Add classpath:	bin\lib\mimepull-1.6.jar
Add classpath:	bin\lib\mysql-connector-java-5.1.45.jar
Add classpath:	bin\lib\nrjavaserial-3.11.0.jar
Add classpath:	bin\lib\olap4j-0.9.7.309-JS-3.jar
Add classpath:	bin\lib\org.eclipse.jdt.core-3.10.0.jar
Add classpath:	bin\lib\org.osgi.core-4.3.1.jar
Add classpath:	bin\lib\oro-2.0.8.jar
Add classpath:	bin\lib\poi-3.12.jar
Add classpath:	bin\lib\postgresql-9.4-1201-jdbc4.jar
Add classpath:	bin\lib\royalblueimages.jar
Add classpath:	bin\lib\rsyntaxtextarea-2.6.0.jar
Add classpath:	bin\lib\saaj-api-1.3.5.jar
Add classpath:	bin\lib\slf4j-api-1.7.25.jar
Add classpath:	bin\lib\slf4j-log4j12-1.6.2.jar
Add classpath:	bin\lib\stax-api-1.0-2.jar
Add classpath:	bin\lib\substance-6.0.jar
Add classpath:	bin\lib\substance-extras.jar
Add classpath:	bin\lib\substance-swingx-7.3.jar
Add classpath:	bin\lib\substance.jar
Add classpath:	bin\lib\swing-layout-1.0.3.jar
Add classpath:	bin\lib\swingx-action-1.6.3.jar
Add classpath:	bin\lib\swingx-all-1.6.5-1.jar
Add classpath:	bin\lib\swingx-autocomplete-1.6.3.jar
Add classpath:	bin\lib\swingx-common-1.6.3.jar
Add classpath:	bin\lib\swingx-core-1.6.3.jar
Add classpath:	bin\lib\swingx-painters-1.6.3.jar
Add classpath:	bin\lib\swingx-plaf-1.6.3.jar
Add classpath:	bin\lib\trident-1.2.jar
Add classpath:	bin\lib\trident-7.2.1-swing.jar
Add classpath:	bin\lib\velocity-1.7.jar
Add classpath:	bin\lib\xercesImpl-2.10.0.jar
Add classpath:	bin\lib\xml-apis-1.4.01.jar
Add classpath:	bin\lib\xmlParserAPIs-2.0.2.jar
Add classpath:	bin\lib\zxing-2.1.jar
Add classpath:	bin\lib\LicenseFileGenerator.jar
Launcher:	D:\pos_development\POS-Setup\bin\jre1.8.0_144\bin\javaw.exe
Launcher args:	-classpath "D:\pos_development\POS-Setup\ApnaPos.exe;bin\lib\AbsoluteLayout-RELEASE802.jar;bin\lib\ChromisCtrls.jar;bin\lib\RXTXcomm.jar;bin\lib\activation-1.0.2.jar;bin\lib\ant-1.7.1.jar;bin\lib\aopalliance-1.0.jar;bin\lib\axis-1.4.jar;bin\lib\axis-jaxrpc-1.4.jar;bin\lib\axis-wsdl4j-1.5.1.jar;bin\lib\backport-util-concurrent-3.1.jar;bin\lib\barcode4j-2.1.jar;bin\lib\bcmail-jdk14-138.jar;bin\lib\bcpg-jdk15on-1.50.jar;bin\lib\bcprov-jdk15on-1.50.jar;bin\lib\bctsp-jdk14-1.38.jar;bin\lib\bluecove-gpl-2.1.0.jar;bin\lib\bsh-2.0b5.jar;bin\lib\chromiscjtl.jar;bin\lib\colorpicker.jar;bin\lib\commons-beanutils-1.9.2.jar;bin\lib\commons-codec-1.10.jar;bin\lib\commons-collections-3.2.1.jar;bin\lib\commons-digester-2.1.jar;bin\lib\commons-discovery-0.5.jar;bin\lib\commons-io-2.4.jar;bin\lib\commons-lang-2.6.jar;bin\lib\commons-logging-1.1.1.jar;bin\lib\controlsfx-8.40.12.jar;bin\lib\core-3.2.1.jar;bin\lib\derby-10.14.1.0.jar;bin\lib\ecj-4.4.2.jar;bin\lib\fop-2.3.jar;bin\lib\gson-2.2.2.jar;bin\lib\hamcrest-core-1.3.jar;bin\lib\httpclient-4.0-alpha4.jar;bin\lib\httpcore-4.0-beta1.jar;bin\lib\iTextAsian.jar;bin\lib\itext-2.1.7.jar;bin\lib\jasperreports-6.2.1.jar;bin\lib\jasperreports-fonts-6.2.1.jar;bin\lib\jasperreports-functions-6.2.1.jar;bin\lib\jasypt-1.9.1.jar;bin\lib\javacsv-2.0.jar;bin\lib\javatuples-1.2.jar;bin\lib\javax.inject-1.jar;bin\lib\jcommon-1.0.23.jar;bin\lib\jdbm-1.0.jar;bin\lib\jdom-1.1.3.jar;bin\lib\je-5.0.73.jar;bin\lib\jersey-bundle-1.9-ea04.jar;bin\lib\jersey-core-1.15.jar;bin\lib\jersey-multipart-1.15.jar;bin\lib\jfreechart-1.0.19.jar;bin\lib\jline-1.0.jar;bin\lib\joda-time-2.8.2.jar;bin\lib\jpos-1.13.jar;bin\lib\js-1.5R4.1.jar;bin\lib\json-simple-1.1.1.jar;bin\lib\jsr311-api-1.1.1.jar;bin\lib\junit-4.11.jar;bin\lib\jxl-2.4.2.jar;bin\lib\kxml2-2.3.0.jar;bin\lib\lablib-checkboxtree-4.0.jar;bin\lib\laf-plugin-7.2.1.jar;bin\lib\laf-widget-7.2.1.jar;bin\lib\liquibase.jar;bin\lib\lite-2.2.3.jar;bin\lib\log4j-1.2.17.jar;bin\lib\logback-classic-1.2.3.jar;bin\lib\logback-core-1.2.3.jar;bin\lib\lucene-analyzers-common-4.5.1.jar;bin\lib\lucene-core-4.5.1.jar;bin\lib\lucene-queries-4.5.1.jar;bin\lib\lucene-queryparser-4.5.1.jar;bin\lib\lucene-sandbox-4.5.1.jar;bin\lib\mail-1.4.7.jar;bin\lib\miglayout-4.0.jar;bin\lib\mimepull-1.6.jar;bin\lib\mysql-connector-java-5.1.45.jar;bin\lib\nrjavaserial-3.11.0.jar;bin\lib\olap4j-0.9.7.309-JS-3.jar;bin\lib\org.eclipse.jdt.core-3.10.0.jar;bin\lib\org.osgi.core-4.3.1.jar;bin\lib\oro-2.0.8.jar;bin\lib\poi-3.12.jar;bin\lib\postgresql-9.4-1201-jdbc4.jar;bin\lib\royalblueimages.jar;bin\lib\rsyntaxtextarea-2.6.0.jar;bin\lib\saaj-api-1.3.5.jar;bin\lib\slf4j-api-1.7.25.jar;bin\lib\slf4j-log4j12-1.6.2.jar;bin\lib\stax-api-1.0-2.jar;bin\lib\substance-6.0.jar;bin\lib\substance-extras.jar;bin\lib\substance-swingx-7.3.jar;bin\lib\substance.jar;bin\lib\swing-layout-1.0.3.jar;bin\lib\swingx-action-1.6.3.jar;bin\lib\swingx-all-1.6.5-1.jar;bin\lib\swingx-autocomplete-1.6.3.jar;bin\lib\swingx-common-1.6.3.jar;bin\lib\swingx-core-1.6.3.jar;bin\lib\swingx-painters-1.6.3.jar;bin\lib\swingx-plaf-1.6.3.jar;bin\lib\trident-1.2.jar;bin\lib\trident-7.2.1-swing.jar;bin\lib\velocity-1.7.jar;bin\lib\xercesImpl-2.10.0.jar;bin\lib\xml-apis-1.4.01.jar;bin\lib\xmlParserAPIs-2.0.2.jar;bin\lib\zxing-2.1.jar;bin\lib\LicenseFileGenerator.jar" uk.chromis.pos.forms.StartPOS
Args length:	3331/32768 chars
Error msg:	An error occurred while starting the application.


Version:	3.12
CmdLine:	D:\pos_development\POS-Setup\ApnaPos.exe --l4j-debug
WOW64:		yes
Working dir:	D:\pos_development\POS-Setup\.
Java min ver:	
Java max ver:	
Bundled JRE:	bin\jre1.8.0_144
Check launcher:	D:\pos_development\POS-Setup\bin\jre1.8.0_144\bin\javaw.exe (OK)
Main class:	uk.chromis.pos.forms.StartPOS
Add classpath:	bin\lib\AbsoluteLayout-RELEASE802.jar
Add classpath:	bin\lib\ChromisCtrls.jar
Add classpath:	bin\lib\RXTXcomm.jar
Add classpath:	bin\lib\activation-1.0.2.jar
Add classpath:	bin\lib\ant-1.7.1.jar
Add classpath:	bin\lib\aopalliance-1.0.jar
Add classpath:	bin\lib\axis-1.4.jar
Add classpath:	bin\lib\axis-jaxrpc-1.4.jar
Add classpath:	bin\lib\axis-wsdl4j-1.5.1.jar
Add classpath:	bin\lib\backport-util-concurrent-3.1.jar
Add classpath:	bin\lib\barcode4j-2.1.jar
Add classpath:	bin\lib\bcmail-jdk14-138.jar
Add classpath:	bin\lib\bcpg-jdk15on-1.50.jar
Add classpath:	bin\lib\bcprov-jdk15on-1.50.jar
Add classpath:	bin\lib\bctsp-jdk14-1.38.jar
Add classpath:	bin\lib\bluecove-gpl-2.1.0.jar
Add classpath:	bin\lib\bsh-2.0b5.jar
Add classpath:	bin\lib\chromiscjtl.jar
Add classpath:	bin\lib\colorpicker.jar
Add classpath:	bin\lib\commons-beanutils-1.9.2.jar
Add classpath:	bin\lib\commons-codec-1.10.jar
Add classpath:	bin\lib\commons-collections-3.2.1.jar
Add classpath:	bin\lib\commons-digester-2.1.jar
Add classpath:	bin\lib\commons-discovery-0.5.jar
Add classpath:	bin\lib\commons-io-2.4.jar
Add classpath:	bin\lib\commons-lang-2.6.jar
Add classpath:	bin\lib\commons-logging-1.1.1.jar
Add classpath:	bin\lib\controlsfx-8.40.12.jar
Add classpath:	bin\lib\core-3.2.1.jar
Add classpath:	bin\lib\derby-10.14.1.0.jar
Add classpath:	bin\lib\ecj-4.4.2.jar
Add classpath:	bin\lib\fop-2.3.jar
Add classpath:	bin\lib\gson-2.2.2.jar
Add classpath:	bin\lib\hamcrest-core-1.3.jar
Add classpath:	bin\lib\httpclient-4.0-alpha4.jar
Add classpath:	bin\lib\httpcore-4.0-beta1.jar
Add classpath:	bin\lib\iTextAsian.jar
Add classpath:	bin\lib\itext-2.1.7.jar
Add classpath:	bin\lib\jasperreports-6.2.1.jar
Add classpath:	bin\lib\jasperreports-fonts-6.2.1.jar
Add classpath:	bin\lib\jasperreports-functions-6.2.1.jar
Add classpath:	bin\lib\jasypt-1.9.1.jar
Add classpath:	bin\lib\javacsv-2.0.jar
Add classpath:	bin\lib\javatuples-1.2.jar
Add classpath:	bin\lib\javax.inject-1.jar
Add classpath:	bin\lib\jcommon-1.0.23.jar
Add classpath:	bin\lib\jdbm-1.0.jar
Add classpath:	bin\lib\jdom-1.1.3.jar
Add classpath:	bin\lib\je-5.0.73.jar
Add classpath:	bin\lib\jersey-bundle-1.9-ea04.jar
Add classpath:	bin\lib\jersey-core-1.15.jar
Add classpath:	bin\lib\jersey-multipart-1.15.jar
Add classpath:	bin\lib\jfreechart-1.0.19.jar
Add classpath:	bin\lib\jline-1.0.jar
Add classpath:	bin\lib\joda-time-2.8.2.jar
Add classpath:	bin\lib\jpos-1.13.jar
Add classpath:	bin\lib\js-1.5R4.1.jar
Add classpath:	bin\lib\json-simple-1.1.1.jar
Add classpath:	bin\lib\jsr311-api-1.1.1.jar
Add classpath:	bin\lib\junit-4.11.jar
Add classpath:	bin\lib\jxl-2.4.2.jar
Add classpath:	bin\lib\kxml2-2.3.0.jar
Add classpath:	bin\lib\lablib-checkboxtree-4.0.jar
Add classpath:	bin\lib\laf-plugin-7.2.1.jar
Add classpath:	bin\lib\laf-widget-7.2.1.jar
Add classpath:	bin\lib\liquibase.jar
Add classpath:	bin\lib\lite-2.2.3.jar
Add classpath:	bin\lib\log4j-1.2.17.jar
Add classpath:	bin\lib\logback-classic-1.2.3.jar
Add classpath:	bin\lib\logback-core-1.2.3.jar
Add classpath:	bin\lib\lucene-analyzers-common-4.5.1.jar
Add classpath:	bin\lib\lucene-core-4.5.1.jar
Add classpath:	bin\lib\lucene-queries-4.5.1.jar
Add classpath:	bin\lib\lucene-queryparser-4.5.1.jar
Add classpath:	bin\lib\lucene-sandbox-4.5.1.jar
Add classpath:	bin\lib\mail-1.4.7.jar
Add classpath:	bin\lib\miglayout-4.0.jar
Add classpath:	bin\lib\mimepull-1.6.jar
Add classpath:	bin\lib\mysql-connector-java-5.1.45.jar
Add classpath:	bin\lib\nrjavaserial-3.11.0.jar
Add classpath:	bin\lib\olap4j-0.9.7.309-JS-3.jar
Add classpath:	bin\lib\org.eclipse.jdt.core-3.10.0.jar
Add classpath:	bin\lib\org.osgi.core-4.3.1.jar
Add classpath:	bin\lib\oro-2.0.8.jar
Add classpath:	bin\lib\poi-3.12.jar
Add classpath:	bin\lib\postgresql-9.4-1201-jdbc4.jar
Add classpath:	bin\lib\royalblueimages.jar
Add classpath:	bin\lib\rsyntaxtextarea-2.6.0.jar
Add classpath:	bin\lib\saaj-api-1.3.5.jar
Add classpath:	bin\lib\slf4j-api-1.7.25.jar
Add classpath:	bin\lib\slf4j-log4j12-1.6.2.jar
Add classpath:	bin\lib\stax-api-1.0-2.jar
Add classpath:	bin\lib\substance-6.0.jar
Add classpath:	bin\lib\substance-extras.jar
Add classpath:	bin\lib\substance-swingx-7.3.jar
Add classpath:	bin\lib\substance.jar
Add classpath:	bin\lib\swing-layout-1.0.3.jar
Add classpath:	bin\lib\swingx-action-1.6.3.jar
Add classpath:	bin\lib\swingx-all-1.6.5-1.jar
Add classpath:	bin\lib\swingx-autocomplete-1.6.3.jar
Add classpath:	bin\lib\swingx-common-1.6.3.jar
Add classpath:	bin\lib\swingx-core-1.6.3.jar
Add classpath:	bin\lib\swingx-painters-1.6.3.jar
Add classpath:	bin\lib\swingx-plaf-1.6.3.jar
Add classpath:	bin\lib\trident-1.2.jar
Add classpath:	bin\lib\trident-7.2.1-swing.jar
Add classpath:	bin\lib\velocity-1.7.jar
Add classpath:	bin\lib\xercesImpl-2.10.0.jar
Add classpath:	bin\lib\xml-apis-1.4.01.jar
Add classpath:	bin\lib\xmlParserAPIs-2.0.2.jar
Add classpath:	bin\lib\zxing-2.1.jar
Add classpath:	bin\lib\LicenseFileGenerator.jar
Launcher:	D:\pos_development\POS-Setup\bin\jre1.8.0_144\bin\javaw.exe
Launcher args:	-classpath "D:\pos_development\POS-Setup\ApnaPos.exe;bin\lib\AbsoluteLayout-RELEASE802.jar;bin\lib\ChromisCtrls.jar;bin\lib\RXTXcomm.jar;bin\lib\activation-1.0.2.jar;bin\lib\ant-1.7.1.jar;bin\lib\aopalliance-1.0.jar;bin\lib\axis-1.4.jar;bin\lib\axis-jaxrpc-1.4.jar;bin\lib\axis-wsdl4j-1.5.1.jar;bin\lib\backport-util-concurrent-3.1.jar;bin\lib\barcode4j-2.1.jar;bin\lib\bcmail-jdk14-138.jar;bin\lib\bcpg-jdk15on-1.50.jar;bin\lib\bcprov-jdk15on-1.50.jar;bin\lib\bctsp-jdk14-1.38.jar;bin\lib\bluecove-gpl-2.1.0.jar;bin\lib\bsh-2.0b5.jar;bin\lib\chromiscjtl.jar;bin\lib\colorpicker.jar;bin\lib\commons-beanutils-1.9.2.jar;bin\lib\commons-codec-1.10.jar;bin\lib\commons-collections-3.2.1.jar;bin\lib\commons-digester-2.1.jar;bin\lib\commons-discovery-0.5.jar;bin\lib\commons-io-2.4.jar;bin\lib\commons-lang-2.6.jar;bin\lib\commons-logging-1.1.1.jar;bin\lib\controlsfx-8.40.12.jar;bin\lib\core-3.2.1.jar;bin\lib\derby-10.14.1.0.jar;bin\lib\ecj-4.4.2.jar;bin\lib\fop-2.3.jar;bin\lib\gson-2.2.2.jar;bin\lib\hamcrest-core-1.3.jar;bin\lib\httpclient-4.0-alpha4.jar;bin\lib\httpcore-4.0-beta1.jar;bin\lib\iTextAsian.jar;bin\lib\itext-2.1.7.jar;bin\lib\jasperreports-6.2.1.jar;bin\lib\jasperreports-fonts-6.2.1.jar;bin\lib\jasperreports-functions-6.2.1.jar;bin\lib\jasypt-1.9.1.jar;bin\lib\javacsv-2.0.jar;bin\lib\javatuples-1.2.jar;bin\lib\javax.inject-1.jar;bin\lib\jcommon-1.0.23.jar;bin\lib\jdbm-1.0.jar;bin\lib\jdom-1.1.3.jar;bin\lib\je-5.0.73.jar;bin\lib\jersey-bundle-1.9-ea04.jar;bin\lib\jersey-core-1.15.jar;bin\lib\jersey-multipart-1.15.jar;bin\lib\jfreechart-1.0.19.jar;bin\lib\jline-1.0.jar;bin\lib\joda-time-2.8.2.jar;bin\lib\jpos-1.13.jar;bin\lib\js-1.5R4.1.jar;bin\lib\json-simple-1.1.1.jar;bin\lib\jsr311-api-1.1.1.jar;bin\lib\junit-4.11.jar;bin\lib\jxl-2.4.2.jar;bin\lib\kxml2-2.3.0.jar;bin\lib\lablib-checkboxtree-4.0.jar;bin\lib\laf-plugin-7.2.1.jar;bin\lib\laf-widget-7.2.1.jar;bin\lib\liquibase.jar;bin\lib\lite-2.2.3.jar;bin\lib\log4j-1.2.17.jar;bin\lib\logback-classic-1.2.3.jar;bin\lib\logback-core-1.2.3.jar;bin\lib\lucene-analyzers-common-4.5.1.jar;bin\lib\lucene-core-4.5.1.jar;bin\lib\lucene-queries-4.5.1.jar;bin\lib\lucene-queryparser-4.5.1.jar;bin\lib\lucene-sandbox-4.5.1.jar;bin\lib\mail-1.4.7.jar;bin\lib\miglayout-4.0.jar;bin\lib\mimepull-1.6.jar;bin\lib\mysql-connector-java-5.1.45.jar;bin\lib\nrjavaserial-3.11.0.jar;bin\lib\olap4j-0.9.7.309-JS-3.jar;bin\lib\org.eclipse.jdt.core-3.10.0.jar;bin\lib\org.osgi.core-4.3.1.jar;bin\lib\oro-2.0.8.jar;bin\lib\poi-3.12.jar;bin\lib\postgresql-9.4-1201-jdbc4.jar;bin\lib\royalblueimages.jar;bin\lib\rsyntaxtextarea-2.6.0.jar;bin\lib\saaj-api-1.3.5.jar;bin\lib\slf4j-api-1.7.25.jar;bin\lib\slf4j-log4j12-1.6.2.jar;bin\lib\stax-api-1.0-2.jar;bin\lib\substance-6.0.jar;bin\lib\substance-extras.jar;bin\lib\substance-swingx-7.3.jar;bin\lib\substance.jar;bin\lib\swing-layout-1.0.3.jar;bin\lib\swingx-action-1.6.3.jar;bin\lib\swingx-all-1.6.5-1.jar;bin\lib\swingx-autocomplete-1.6.3.jar;bin\lib\swingx-common-1.6.3.jar;bin\lib\swingx-core-1.6.3.jar;bin\lib\swingx-painters-1.6.3.jar;bin\lib\swingx-plaf-1.6.3.jar;bin\lib\trident-1.2.jar;bin\lib\trident-7.2.1-swing.jar;bin\lib\velocity-1.7.jar;bin\lib\xercesImpl-2.10.0.jar;bin\lib\xml-apis-1.4.01.jar;bin\lib\xmlParserAPIs-2.0.2.jar;bin\lib\zxing-2.1.jar;bin\lib\LicenseFileGenerator.jar" uk.chromis.pos.forms.StartPOS
Args length:	3331/32768 chars
Error msg:	An error occurred while starting the application.


Version:	3.12
CmdLine:	D:\pos_development\POS-Setup\ApnaPos.exe --l4j-debug
WOW64:		yes
Working dir:	D:\pos_development\POS-Setup\.
Java min ver:	
Java max ver:	
Bundled JRE:	bin\jre1.8.0_144
Check launcher:	D:\pos_development\POS-Setup\bin\jre1.8.0_144\bin\javaw.exe (OK)
Main class:	uk.chromis.pos.forms.StartPOS
Add classpath:	bin\lib\AbsoluteLayout-RELEASE802.jar
Add classpath:	bin\lib\ChromisCtrls.jar
Add classpath:	bin\lib\RXTXcomm.jar
Add classpath:	bin\lib\activation-1.0.2.jar
Add classpath:	bin\lib\ant-1.7.1.jar
Add classpath:	bin\lib\aopalliance-1.0.jar
Add classpath:	bin\lib\axis-1.4.jar
Add classpath:	bin\lib\axis-jaxrpc-1.4.jar
Add classpath:	bin\lib\axis-wsdl4j-1.5.1.jar
Add classpath:	bin\lib\backport-util-concurrent-3.1.jar
Add classpath:	bin\lib\barcode4j-2.1.jar
Add classpath:	bin\lib\bcmail-jdk14-138.jar
Add classpath:	bin\lib\bcpg-jdk15on-1.50.jar
Add classpath:	bin\lib\bcprov-jdk15on-1.50.jar
Add classpath:	bin\lib\bctsp-jdk14-1.38.jar
Add classpath:	bin\lib\bluecove-gpl-2.1.0.jar
Add classpath:	bin\lib\bsh-2.0b5.jar
Add classpath:	bin\lib\chromiscjtl.jar
Add classpath:	bin\lib\colorpicker.jar
Add classpath:	bin\lib\commons-beanutils-1.9.2.jar
Add classpath:	bin\lib\commons-codec-1.10.jar
Add classpath:	bin\lib\commons-collections-3.2.1.jar
Add classpath:	bin\lib\commons-digester-2.1.jar
Add classpath:	bin\lib\commons-discovery-0.5.jar
Add classpath:	bin\lib\commons-io-2.4.jar
Add classpath:	bin\lib\commons-lang-2.6.jar
Add classpath:	bin\lib\commons-logging-1.1.1.jar
Add classpath:	bin\lib\controlsfx-8.40.12.jar
Add classpath:	bin\lib\core-3.2.1.jar
Add classpath:	bin\lib\derby-10.14.1.0.jar
Add classpath:	bin\lib\ecj-4.4.2.jar
Add classpath:	bin\lib\fop-2.3.jar
Add classpath:	bin\lib\gson-2.2.2.jar
Add classpath:	bin\lib\hamcrest-core-1.3.jar
Add classpath:	bin\lib\httpclient-4.0-alpha4.jar
Add classpath:	bin\lib\httpcore-4.0-beta1.jar
Add classpath:	bin\lib\iTextAsian.jar
Add classpath:	bin\lib\itext-2.1.7.jar
Add classpath:	bin\lib\jasperreports-6.2.1.jar
Add classpath:	bin\lib\jasperreports-fonts-6.2.1.jar
Add classpath:	bin\lib\jasperreports-functions-6.2.1.jar
Add classpath:	bin\lib\jasypt-1.9.1.jar
Add classpath:	bin\lib\javacsv-2.0.jar
Add classpath:	bin\lib\javatuples-1.2.jar
Add classpath:	bin\lib\javax.inject-1.jar
Add classpath:	bin\lib\jcommon-1.0.23.jar
Add classpath:	bin\lib\jdbm-1.0.jar
Add classpath:	bin\lib\jdom-1.1.3.jar
Add classpath:	bin\lib\je-5.0.73.jar
Add classpath:	bin\lib\jersey-bundle-1.9-ea04.jar
Add classpath:	bin\lib\jersey-core-1.15.jar
Add classpath:	bin\lib\jersey-multipart-1.15.jar
Add classpath:	bin\lib\jfreechart-1.0.19.jar
Add classpath:	bin\lib\jline-1.0.jar
Add classpath:	bin\lib\joda-time-2.8.2.jar
Add classpath:	bin\lib\jpos-1.13.jar
Add classpath:	bin\lib\js-1.5R4.1.jar
Add classpath:	bin\lib\json-simple-1.1.1.jar
Add classpath:	bin\lib\jsr311-api-1.1.1.jar
Add classpath:	bin\lib\junit-4.11.jar
Add classpath:	bin\lib\jxl-2.4.2.jar
Add classpath:	bin\lib\kxml2-2.3.0.jar
Add classpath:	bin\lib\lablib-checkboxtree-4.0.jar
Add classpath:	bin\lib\laf-plugin-7.2.1.jar
Add classpath:	bin\lib\laf-widget-7.2.1.jar
Add classpath:	bin\lib\liquibase.jar
Add classpath:	bin\lib\lite-2.2.3.jar
Add classpath:	bin\lib\log4j-1.2.17.jar
Add classpath:	bin\lib\logback-classic-1.2.3.jar
Add classpath:	bin\lib\logback-core-1.2.3.jar
Add classpath:	bin\lib\lucene-analyzers-common-4.5.1.jar
Add classpath:	bin\lib\lucene-core-4.5.1.jar
Add classpath:	bin\lib\lucene-queries-4.5.1.jar
Add classpath:	bin\lib\lucene-queryparser-4.5.1.jar
Add classpath:	bin\lib\lucene-sandbox-4.5.1.jar
Add classpath:	bin\lib\mail-1.4.7.jar
Add classpath:	bin\lib\miglayout-4.0.jar
Add classpath:	bin\lib\mimepull-1.6.jar
Add classpath:	bin\lib\mysql-connector-java-5.1.45.jar
Add classpath:	bin\lib\nrjavaserial-3.11.0.jar
Add classpath:	bin\lib\olap4j-0.9.7.309-JS-3.jar
Add classpath:	bin\lib\org.eclipse.jdt.core-3.10.0.jar
Add classpath:	bin\lib\org.osgi.core-4.3.1.jar
Add classpath:	bin\lib\oro-2.0.8.jar
Add classpath:	bin\lib\poi-3.12.jar
Add classpath:	bin\lib\postgresql-9.4-1201-jdbc4.jar
Add classpath:	bin\lib\royalblueimages.jar
Add classpath:	bin\lib\rsyntaxtextarea-2.6.0.jar
Add classpath:	bin\lib\saaj-api-1.3.5.jar
Add classpath:	bin\lib\slf4j-api-1.7.25.jar
Add classpath:	bin\lib\slf4j-log4j12-1.6.2.jar
Add classpath:	bin\lib\stax-api-1.0-2.jar
Add classpath:	bin\lib\substance-6.0.jar
Add classpath:	bin\lib\substance-extras.jar
Add classpath:	bin\lib\substance-swingx-7.3.jar
Add classpath:	bin\lib\substance.jar
Add classpath:	bin\lib\swing-layout-1.0.3.jar
Add classpath:	bin\lib\swingx-action-1.6.3.jar
Add classpath:	bin\lib\swingx-all-1.6.5-1.jar
Add classpath:	bin\lib\swingx-autocomplete-1.6.3.jar
Add classpath:	bin\lib\swingx-common-1.6.3.jar
Add classpath:	bin\lib\swingx-core-1.6.3.jar
Add classpath:	bin\lib\swingx-painters-1.6.3.jar
Add classpath:	bin\lib\swingx-plaf-1.6.3.jar
Add classpath:	bin\lib\trident-1.2.jar
Add classpath:	bin\lib\trident-7.2.1-swing.jar
Add classpath:	bin\lib\velocity-1.7.jar
Add classpath:	bin\lib\xercesImpl-2.10.0.jar
Add classpath:	bin\lib\xml-apis-1.4.01.jar
Add classpath:	bin\lib\xmlParserAPIs-2.0.2.jar
Add classpath:	bin\lib\zxing-2.1.jar
Add classpath:	bin\lib\LicenseFileGenerator.jar
Launcher:	D:\pos_development\POS-Setup\bin\jre1.8.0_144\bin\javaw.exe
Launcher args:	-classpath "D:\pos_development\POS-Setup\ApnaPos.exe;bin\lib\AbsoluteLayout-RELEASE802.jar;bin\lib\ChromisCtrls.jar;bin\lib\RXTXcomm.jar;bin\lib\activation-1.0.2.jar;bin\lib\ant-1.7.1.jar;bin\lib\aopalliance-1.0.jar;bin\lib\axis-1.4.jar;bin\lib\axis-jaxrpc-1.4.jar;bin\lib\axis-wsdl4j-1.5.1.jar;bin\lib\backport-util-concurrent-3.1.jar;bin\lib\barcode4j-2.1.jar;bin\lib\bcmail-jdk14-138.jar;bin\lib\bcpg-jdk15on-1.50.jar;bin\lib\bcprov-jdk15on-1.50.jar;bin\lib\bctsp-jdk14-1.38.jar;bin\lib\bluecove-gpl-2.1.0.jar;bin\lib\bsh-2.0b5.jar;bin\lib\chromiscjtl.jar;bin\lib\colorpicker.jar;bin\lib\commons-beanutils-1.9.2.jar;bin\lib\commons-codec-1.10.jar;bin\lib\commons-collections-3.2.1.jar;bin\lib\commons-digester-2.1.jar;bin\lib\commons-discovery-0.5.jar;bin\lib\commons-io-2.4.jar;bin\lib\commons-lang-2.6.jar;bin\lib\commons-logging-1.1.1.jar;bin\lib\controlsfx-8.40.12.jar;bin\lib\core-3.2.1.jar;bin\lib\derby-10.14.1.0.jar;bin\lib\ecj-4.4.2.jar;bin\lib\fop-2.3.jar;bin\lib\gson-2.2.2.jar;bin\lib\hamcrest-core-1.3.jar;bin\lib\httpclient-4.0-alpha4.jar;bin\lib\httpcore-4.0-beta1.jar;bin\lib\iTextAsian.jar;bin\lib\itext-2.1.7.jar;bin\lib\jasperreports-6.2.1.jar;bin\lib\jasperreports-fonts-6.2.1.jar;bin\lib\jasperreports-functions-6.2.1.jar;bin\lib\jasypt-1.9.1.jar;bin\lib\javacsv-2.0.jar;bin\lib\javatuples-1.2.jar;bin\lib\javax.inject-1.jar;bin\lib\jcommon-1.0.23.jar;bin\lib\jdbm-1.0.jar;bin\lib\jdom-1.1.3.jar;bin\lib\je-5.0.73.jar;bin\lib\jersey-bundle-1.9-ea04.jar;bin\lib\jersey-core-1.15.jar;bin\lib\jersey-multipart-1.15.jar;bin\lib\jfreechart-1.0.19.jar;bin\lib\jline-1.0.jar;bin\lib\joda-time-2.8.2.jar;bin\lib\jpos-1.13.jar;bin\lib\js-1.5R4.1.jar;bin\lib\json-simple-1.1.1.jar;bin\lib\jsr311-api-1.1.1.jar;bin\lib\junit-4.11.jar;bin\lib\jxl-2.4.2.jar;bin\lib\kxml2-2.3.0.jar;bin\lib\lablib-checkboxtree-4.0.jar;bin\lib\laf-plugin-7.2.1.jar;bin\lib\laf-widget-7.2.1.jar;bin\lib\liquibase.jar;bin\lib\lite-2.2.3.jar;bin\lib\log4j-1.2.17.jar;bin\lib\logback-classic-1.2.3.jar;bin\lib\logback-core-1.2.3.jar;bin\lib\lucene-analyzers-common-4.5.1.jar;bin\lib\lucene-core-4.5.1.jar;bin\lib\lucene-queries-4.5.1.jar;bin\lib\lucene-queryparser-4.5.1.jar;bin\lib\lucene-sandbox-4.5.1.jar;bin\lib\mail-1.4.7.jar;bin\lib\miglayout-4.0.jar;bin\lib\mimepull-1.6.jar;bin\lib\mysql-connector-java-5.1.45.jar;bin\lib\nrjavaserial-3.11.0.jar;bin\lib\olap4j-0.9.7.309-JS-3.jar;bin\lib\org.eclipse.jdt.core-3.10.0.jar;bin\lib\org.osgi.core-4.3.1.jar;bin\lib\oro-2.0.8.jar;bin\lib\poi-3.12.jar;bin\lib\postgresql-9.4-1201-jdbc4.jar;bin\lib\royalblueimages.jar;bin\lib\rsyntaxtextarea-2.6.0.jar;bin\lib\saaj-api-1.3.5.jar;bin\lib\slf4j-api-1.7.25.jar;bin\lib\slf4j-log4j12-1.6.2.jar;bin\lib\stax-api-1.0-2.jar;bin\lib\substance-6.0.jar;bin\lib\substance-extras.jar;bin\lib\substance-swingx-7.3.jar;bin\lib\substance.jar;bin\lib\swing-layout-1.0.3.jar;bin\lib\swingx-action-1.6.3.jar;bin\lib\swingx-all-1.6.5-1.jar;bin\lib\swingx-autocomplete-1.6.3.jar;bin\lib\swingx-common-1.6.3.jar;bin\lib\swingx-core-1.6.3.jar;bin\lib\swingx-painters-1.6.3.jar;bin\lib\swingx-plaf-1.6.3.jar;bin\lib\trident-1.2.jar;bin\lib\trident-7.2.1-swing.jar;bin\lib\velocity-1.7.jar;bin\lib\xercesImpl-2.10.0.jar;bin\lib\xml-apis-1.4.01.jar;bin\lib\xmlParserAPIs-2.0.2.jar;bin\lib\zxing-2.1.jar;bin\lib\LicenseFileGenerator.jar" uk.chromis.pos.forms.StartPOS
Args length:	3331/32768 chars
Error msg:	An error occurred while starting the application.


Version:	3.12
CmdLine:	D:\pos_development\POS-Setup\ApnaPos.exe --l4j-debug
WOW64:		yes
Working dir:	D:\pos_development\POS-Setup\.
Java min ver:	
Java max ver:	
Bundled JRE:	bin\jre1.8.0_144
Check launcher:	D:\pos_development\POS-Setup\bin\jre1.8.0_144\bin\javaw.exe (OK)
Main class:	uk.chromis.pos.forms.StartPOS
Add classpath:	bin\lib\AbsoluteLayout-RELEASE802.jar
Add classpath:	bin\lib\ChromisCtrls.jar
Add classpath:	bin\lib\RXTXcomm.jar
Add classpath:	bin\lib\activation-1.0.2.jar
Add classpath:	bin\lib\ant-1.7.1.jar
Add classpath:	bin\lib\aopalliance-1.0.jar
Add classpath:	bin\lib\axis-1.4.jar
Add classpath:	bin\lib\axis-jaxrpc-1.4.jar
Add classpath:	bin\lib\axis-wsdl4j-1.5.1.jar
Add classpath:	bin\lib\backport-util-concurrent-3.1.jar
Add classpath:	bin\lib\barcode4j-2.1.jar
Add classpath:	bin\lib\bcmail-jdk14-138.jar
Add classpath:	bin\lib\bcpg-jdk15on-1.50.jar
Add classpath:	bin\lib\bcprov-jdk15on-1.50.jar
Add classpath:	bin\lib\bctsp-jdk14-1.38.jar
Add classpath:	bin\lib\bluecove-gpl-2.1.0.jar
Add classpath:	bin\lib\bsh-2.0b5.jar
Add classpath:	bin\lib\chromiscjtl.jar
Add classpath:	bin\lib\colorpicker.jar
Add classpath:	bin\lib\commons-beanutils-1.9.2.jar
Add classpath:	bin\lib\commons-codec-1.10.jar
Add classpath:	bin\lib\commons-collections-3.2.1.jar
Add classpath:	bin\lib\commons-digester-2.1.jar
Add classpath:	bin\lib\commons-discovery-0.5.jar
Add classpath:	bin\lib\commons-io-2.4.jar
Add classpath:	bin\lib\commons-lang-2.6.jar
Add classpath:	bin\lib\commons-logging-1.1.1.jar
Add classpath:	bin\lib\controlsfx-8.40.12.jar
Add classpath:	bin\lib\core-3.2.1.jar
Add classpath:	bin\lib\derby-10.14.1.0.jar
Add classpath:	bin\lib\ecj-4.4.2.jar
Add classpath:	bin\lib\fop-2.3.jar
Add classpath:	bin\lib\gson-2.2.2.jar
Add classpath:	bin\lib\hamcrest-core-1.3.jar
Add classpath:	bin\lib\httpclient-4.0-alpha4.jar
Add classpath:	bin\lib\httpcore-4.0-beta1.jar
Add classpath:	bin\lib\iTextAsian.jar
Add classpath:	bin\lib\itext-2.1.7.jar
Add classpath:	bin\lib\jasperreports-6.2.1.jar
Add classpath:	bin\lib\jasperreports-fonts-6.2.1.jar
Add classpath:	bin\lib\jasperreports-functions-6.2.1.jar
Add classpath:	bin\lib\jasypt-1.9.1.jar
Add classpath:	bin\lib\javacsv-2.0.jar
Add classpath:	bin\lib\javatuples-1.2.jar
Add classpath:	bin\lib\javax.inject-1.jar
Add classpath:	bin\lib\jcommon-1.0.23.jar
Add classpath:	bin\lib\jdbm-1.0.jar
Add classpath:	bin\lib\jdom-1.1.3.jar
Add classpath:	bin\lib\je-5.0.73.jar
Add classpath:	bin\lib\jersey-bundle-1.9-ea04.jar
Add classpath:	bin\lib\jersey-core-1.15.jar
Add classpath:	bin\lib\jersey-multipart-1.15.jar
Add classpath:	bin\lib\jfreechart-1.0.19.jar
Add classpath:	bin\lib\jline-1.0.jar
Add classpath:	bin\lib\joda-time-2.8.2.jar
Add classpath:	bin\lib\jpos-1.13.jar
Add classpath:	bin\lib\js-1.5R4.1.jar
Add classpath:	bin\lib\json-simple-1.1.1.jar
Add classpath:	bin\lib\jsr311-api-1.1.1.jar
Add classpath:	bin\lib\junit-4.11.jar
Add classpath:	bin\lib\jxl-2.4.2.jar
Add classpath:	bin\lib\kxml2-2.3.0.jar
Add classpath:	bin\lib\lablib-checkboxtree-4.0.jar
Add classpath:	bin\lib\laf-plugin-7.2.1.jar
Add classpath:	bin\lib\laf-widget-7.2.1.jar
Add classpath:	bin\lib\liquibase.jar
Add classpath:	bin\lib\lite-2.2.3.jar
Add classpath:	bin\lib\log4j-1.2.17.jar
Add classpath:	bin\lib\logback-classic-1.2.3.jar
Add classpath:	bin\lib\logback-core-1.2.3.jar
Add classpath:	bin\lib\lucene-analyzers-common-4.5.1.jar
Add classpath:	bin\lib\lucene-core-4.5.1.jar
Add classpath:	bin\lib\lucene-queries-4.5.1.jar
Add classpath:	bin\lib\lucene-queryparser-4.5.1.jar
Add classpath:	bin\lib\lucene-sandbox-4.5.1.jar
Add classpath:	bin\lib\mail-1.4.7.jar
Add classpath:	bin\lib\miglayout-4.0.jar
Add classpath:	bin\lib\mimepull-1.6.jar
Add classpath:	bin\lib\mysql-connector-java-5.1.45.jar
Add classpath:	bin\lib\nrjavaserial-3.11.0.jar
Add classpath:	bin\lib\olap4j-0.9.7.309-JS-3.jar
Add classpath:	bin\lib\org.eclipse.jdt.core-3.10.0.jar
Add classpath:	bin\lib\org.osgi.core-4.3.1.jar
Add classpath:	bin\lib\oro-2.0.8.jar
Add classpath:	bin\lib\poi-3.12.jar
Add classpath:	bin\lib\postgresql-9.4-1201-jdbc4.jar
Add classpath:	bin\lib\royalblueimages.jar
Add classpath:	bin\lib\rsyntaxtextarea-2.6.0.jar
Add classpath:	bin\lib\saaj-api-1.3.5.jar
Add classpath:	bin\lib\slf4j-api-1.7.25.jar
Add classpath:	bin\lib\slf4j-log4j12-1.6.2.jar
Add classpath:	bin\lib\stax-api-1.0-2.jar
Add classpath:	bin\lib\substance-6.0.jar
Add classpath:	bin\lib\substance-extras.jar
Add classpath:	bin\lib\substance-swingx-7.3.jar
Add classpath:	bin\lib\substance.jar
Add classpath:	bin\lib\swing-layout-1.0.3.jar
Add classpath:	bin\lib\swingx-action-1.6.3.jar
Add classpath:	bin\lib\swingx-all-1.6.5-1.jar
Add classpath:	bin\lib\swingx-autocomplete-1.6.3.jar
Add classpath:	bin\lib\swingx-common-1.6.3.jar
Add classpath:	bin\lib\swingx-core-1.6.3.jar
Add classpath:	bin\lib\swingx-painters-1.6.3.jar
Add classpath:	bin\lib\swingx-plaf-1.6.3.jar
Add classpath:	bin\lib\trident-1.2.jar
Add classpath:	bin\lib\trident-7.2.1-swing.jar
Add classpath:	bin\lib\velocity-1.7.jar
Add classpath:	bin\lib\xercesImpl-2.10.0.jar
Add classpath:	bin\lib\xml-apis-1.4.01.jar
Add classpath:	bin\lib\xmlParserAPIs-2.0.2.jar
Add classpath:	bin\lib\zxing-2.1.jar
Add classpath:	bin\lib\LicenseFileGenerator.jar
Launcher:	D:\pos_development\POS-Setup\bin\jre1.8.0_144\bin\javaw.exe
Launcher args:	-classpath "D:\pos_development\POS-Setup\ApnaPos.exe;bin\lib\AbsoluteLayout-RELEASE802.jar;bin\lib\ChromisCtrls.jar;bin\lib\RXTXcomm.jar;bin\lib\activation-1.0.2.jar;bin\lib\ant-1.7.1.jar;bin\lib\aopalliance-1.0.jar;bin\lib\axis-1.4.jar;bin\lib\axis-jaxrpc-1.4.jar;bin\lib\axis-wsdl4j-1.5.1.jar;bin\lib\backport-util-concurrent-3.1.jar;bin\lib\barcode4j-2.1.jar;bin\lib\bcmail-jdk14-138.jar;bin\lib\bcpg-jdk15on-1.50.jar;bin\lib\bcprov-jdk15on-1.50.jar;bin\lib\bctsp-jdk14-1.38.jar;bin\lib\bluecove-gpl-2.1.0.jar;bin\lib\bsh-2.0b5.jar;bin\lib\chromiscjtl.jar;bin\lib\colorpicker.jar;bin\lib\commons-beanutils-1.9.2.jar;bin\lib\commons-codec-1.10.jar;bin\lib\commons-collections-3.2.1.jar;bin\lib\commons-digester-2.1.jar;bin\lib\commons-discovery-0.5.jar;bin\lib\commons-io-2.4.jar;bin\lib\commons-lang-2.6.jar;bin\lib\commons-logging-1.1.1.jar;bin\lib\controlsfx-8.40.12.jar;bin\lib\core-3.2.1.jar;bin\lib\derby-10.14.1.0.jar;bin\lib\ecj-4.4.2.jar;bin\lib\fop-2.3.jar;bin\lib\gson-2.2.2.jar;bin\lib\hamcrest-core-1.3.jar;bin\lib\httpclient-4.0-alpha4.jar;bin\lib\httpcore-4.0-beta1.jar;bin\lib\iTextAsian.jar;bin\lib\itext-2.1.7.jar;bin\lib\jasperreports-6.2.1.jar;bin\lib\jasperreports-fonts-6.2.1.jar;bin\lib\jasperreports-functions-6.2.1.jar;bin\lib\jasypt-1.9.1.jar;bin\lib\javacsv-2.0.jar;bin\lib\javatuples-1.2.jar;bin\lib\javax.inject-1.jar;bin\lib\jcommon-1.0.23.jar;bin\lib\jdbm-1.0.jar;bin\lib\jdom-1.1.3.jar;bin\lib\je-5.0.73.jar;bin\lib\jersey-bundle-1.9-ea04.jar;bin\lib\jersey-core-1.15.jar;bin\lib\jersey-multipart-1.15.jar;bin\lib\jfreechart-1.0.19.jar;bin\lib\jline-1.0.jar;bin\lib\joda-time-2.8.2.jar;bin\lib\jpos-1.13.jar;bin\lib\js-1.5R4.1.jar;bin\lib\json-simple-1.1.1.jar;bin\lib\jsr311-api-1.1.1.jar;bin\lib\junit-4.11.jar;bin\lib\jxl-2.4.2.jar;bin\lib\kxml2-2.3.0.jar;bin\lib\lablib-checkboxtree-4.0.jar;bin\lib\laf-plugin-7.2.1.jar;bin\lib\laf-widget-7.2.1.jar;bin\lib\liquibase.jar;bin\lib\lite-2.2.3.jar;bin\lib\log4j-1.2.17.jar;bin\lib\logback-classic-1.2.3.jar;bin\lib\logback-core-1.2.3.jar;bin\lib\lucene-analyzers-common-4.5.1.jar;bin\lib\lucene-core-4.5.1.jar;bin\lib\lucene-queries-4.5.1.jar;bin\lib\lucene-queryparser-4.5.1.jar;bin\lib\lucene-sandbox-4.5.1.jar;bin\lib\mail-1.4.7.jar;bin\lib\miglayout-4.0.jar;bin\lib\mimepull-1.6.jar;bin\lib\mysql-connector-java-5.1.45.jar;bin\lib\nrjavaserial-3.11.0.jar;bin\lib\olap4j-0.9.7.309-JS-3.jar;bin\lib\org.eclipse.jdt.core-3.10.0.jar;bin\lib\org.osgi.core-4.3.1.jar;bin\lib\oro-2.0.8.jar;bin\lib\poi-3.12.jar;bin\lib\postgresql-9.4-1201-jdbc4.jar;bin\lib\royalblueimages.jar;bin\lib\rsyntaxtextarea-2.6.0.jar;bin\lib\saaj-api-1.3.5.jar;bin\lib\slf4j-api-1.7.25.jar;bin\lib\slf4j-log4j12-1.6.2.jar;bin\lib\stax-api-1.0-2.jar;bin\lib\substance-6.0.jar;bin\lib\substance-extras.jar;bin\lib\substance-swingx-7.3.jar;bin\lib\substance.jar;bin\lib\swing-layout-1.0.3.jar;bin\lib\swingx-action-1.6.3.jar;bin\lib\swingx-all-1.6.5-1.jar;bin\lib\swingx-autocomplete-1.6.3.jar;bin\lib\swingx-common-1.6.3.jar;bin\lib\swingx-core-1.6.3.jar;bin\lib\swingx-painters-1.6.3.jar;bin\lib\swingx-plaf-1.6.3.jar;bin\lib\trident-1.2.jar;bin\lib\trident-7.2.1-swing.jar;bin\lib\velocity-1.7.jar;bin\lib\xercesImpl-2.10.0.jar;bin\lib\xml-apis-1.4.01.jar;bin\lib\xmlParserAPIs-2.0.2.jar;bin\lib\zxing-2.1.jar;bin\lib\LicenseFileGenerator.jar" uk.chromis.pos.forms.StartPOS
Args length:	3331/32768 chars
Exit code:	0


Version:	3.12
CmdLine:	D:\pos_development\POS-Setup\ApnaPos.exe --l4j-debug
WOW64:		yes
Working dir:	D:\pos_development\POS-Setup\.
Java min ver:	
Java max ver:	
Bundled JRE:	bin\jre1.8.0_144
Check launcher:	D:\pos_development\POS-Setup\bin\jre1.8.0_144\bin\javaw.exe (OK)
Main class:	uk.chromis.pos.forms.StartPOS
Add classpath:	bin\lib\AbsoluteLayout-RELEASE802.jar
Add classpath:	bin\lib\ChromisCtrls.jar
Add classpath:	bin\lib\RXTXcomm.jar
Add classpath:	bin\lib\activation-1.0.2.jar
Add classpath:	bin\lib\ant-1.7.1.jar
Add classpath:	bin\lib\aopalliance-1.0.jar
Add classpath:	bin\lib\axis-1.4.jar
Add classpath:	bin\lib\axis-jaxrpc-1.4.jar
Add classpath:	bin\lib\axis-wsdl4j-1.5.1.jar
Add classpath:	bin\lib\backport-util-concurrent-3.1.jar
Add classpath:	bin\lib\barcode4j-2.1.jar
Add classpath:	bin\lib\bcmail-jdk14-138.jar
Add classpath:	bin\lib\bcpg-jdk15on-1.50.jar
Add classpath:	bin\lib\bcprov-jdk15on-1.50.jar
Add classpath:	bin\lib\bctsp-jdk14-1.38.jar
Add classpath:	bin\lib\bluecove-gpl-2.1.0.jar
Add classpath:	bin\lib\bsh-2.0b5.jar
Add classpath:	bin\lib\chromiscjtl.jar
Add classpath:	bin\lib\colorpicker.jar
Add classpath:	bin\lib\commons-beanutils-1.9.2.jar
Add classpath:	bin\lib\commons-codec-1.10.jar
Add classpath:	bin\lib\commons-collections-3.2.1.jar
Add classpath:	bin\lib\commons-digester-2.1.jar
Add classpath:	bin\lib\commons-discovery-0.5.jar
Add classpath:	bin\lib\commons-io-2.4.jar
Add classpath:	bin\lib\commons-lang-2.6.jar
Add classpath:	bin\lib\commons-logging-1.1.1.jar
Add classpath:	bin\lib\controlsfx-8.40.12.jar
Add classpath:	bin\lib\core-3.2.1.jar
Add classpath:	bin\lib\derby-10.14.1.0.jar
Add classpath:	bin\lib\ecj-4.4.2.jar
Add classpath:	bin\lib\fop-2.3.jar
Add classpath:	bin\lib\gson-2.2.2.jar
Add classpath:	bin\lib\hamcrest-core-1.3.jar
Add classpath:	bin\lib\httpclient-4.0-alpha4.jar
Add classpath:	bin\lib\httpcore-4.0-beta1.jar
Add classpath:	bin\lib\iTextAsian.jar
Add classpath:	bin\lib\itext-2.1.7.jar
Add classpath:	bin\lib\jasperreports-6.2.1.jar
Add classpath:	bin\lib\jasperreports-fonts-6.2.1.jar
Add classpath:	bin\lib\jasperreports-functions-6.2.1.jar
Add classpath:	bin\lib\jasypt-1.9.1.jar
Add classpath:	bin\lib\javacsv-2.0.jar
Add classpath:	bin\lib\javatuples-1.2.jar
Add classpath:	bin\lib\javax.inject-1.jar
Add classpath:	bin\lib\jcommon-1.0.23.jar
Add classpath:	bin\lib\jdbm-1.0.jar
Add classpath:	bin\lib\jdom-1.1.3.jar
Add classpath:	bin\lib\je-5.0.73.jar
Add classpath:	bin\lib\jersey-bundle-1.9-ea04.jar
Add classpath:	bin\lib\jersey-core-1.15.jar
Add classpath:	bin\lib\jersey-multipart-1.15.jar
Add classpath:	bin\lib\jfreechart-1.0.19.jar
Add classpath:	bin\lib\jline-1.0.jar
Add classpath:	bin\lib\joda-time-2.8.2.jar
Add classpath:	bin\lib\jpos-1.13.jar
Add classpath:	bin\lib\js-1.5R4.1.jar
Add classpath:	bin\lib\json-simple-1.1.1.jar
Add classpath:	bin\lib\jsr311-api-1.1.1.jar
Add classpath:	bin\lib\junit-4.11.jar
Add classpath:	bin\lib\jxl-2.4.2.jar
Add classpath:	bin\lib\kxml2-2.3.0.jar
Add classpath:	bin\lib\lablib-checkboxtree-4.0.jar
Add classpath:	bin\lib\laf-plugin-7.2.1.jar
Add classpath:	bin\lib\laf-widget-7.2.1.jar
Add classpath:	bin\lib\liquibase.jar
Add classpath:	bin\lib\lite-2.2.3.jar
Add classpath:	bin\lib\log4j-1.2.17.jar
Add classpath:	bin\lib\logback-classic-1.2.3.jar
Add classpath:	bin\lib\logback-core-1.2.3.jar
Add classpath:	bin\lib\lucene-analyzers-common-4.5.1.jar
Add classpath:	bin\lib\lucene-core-4.5.1.jar
Add classpath:	bin\lib\lucene-queries-4.5.1.jar
Add classpath:	bin\lib\lucene-queryparser-4.5.1.jar
Add classpath:	bin\lib\lucene-sandbox-4.5.1.jar
Add classpath:	bin\lib\mail-1.4.7.jar
Add classpath:	bin\lib\miglayout-4.0.jar
Add classpath:	bin\lib\mimepull-1.6.jar
Add classpath:	bin\lib\mysql-connector-java-5.1.45.jar
Add classpath:	bin\lib\nrjavaserial-3.11.0.jar
Add classpath:	bin\lib\olap4j-0.9.7.309-JS-3.jar
Add classpath:	bin\lib\org.eclipse.jdt.core-3.10.0.jar
Add classpath:	bin\lib\org.osgi.core-4.3.1.jar
Add classpath:	bin\lib\oro-2.0.8.jar
Add classpath:	bin\lib\poi-3.12.jar
Add classpath:	bin\lib\postgresql-9.4-1201-jdbc4.jar
Add classpath:	bin\lib\royalblueimages.jar
Add classpath:	bin\lib\rsyntaxtextarea-2.6.0.jar
Add classpath:	bin\lib\saaj-api-1.3.5.jar
Add classpath:	bin\lib\slf4j-api-1.7.25.jar
Add classpath:	bin\lib\slf4j-log4j12-1.6.2.jar
Add classpath:	bin\lib\stax-api-1.0-2.jar
Add classpath:	bin\lib\substance-6.0.jar
Add classpath:	bin\lib\substance-extras.jar
Add classpath:	bin\lib\substance-swingx-7.3.jar
Add classpath:	bin\lib\substance.jar
Add classpath:	bin\lib\swing-layout-1.0.3.jar
Add classpath:	bin\lib\swingx-action-1.6.3.jar
Add classpath:	bin\lib\swingx-all-1.6.5-1.jar
Add classpath:	bin\lib\swingx-autocomplete-1.6.3.jar
Add classpath:	bin\lib\swingx-common-1.6.3.jar
Add classpath:	bin\lib\swingx-core-1.6.3.jar
Add classpath:	bin\lib\swingx-painters-1.6.3.jar
Add classpath:	bin\lib\swingx-plaf-1.6.3.jar
Add classpath:	bin\lib\trident-1.2.jar
Add classpath:	bin\lib\trident-7.2.1-swing.jar
Add classpath:	bin\lib\velocity-1.7.jar
Add classpath:	bin\lib\xercesImpl-2.10.0.jar
Add classpath:	bin\lib\xml-apis-1.4.01.jar
Add classpath:	bin\lib\xmlParserAPIs-2.0.2.jar
Add classpath:	bin\lib\zxing-2.1.jar
Add classpath:	bin\lib\LicenseFileGenerator.jar
Launcher:	D:\pos_development\POS-Setup\bin\jre1.8.0_144\bin\javaw.exe
Launcher args:	-classpath "D:\pos_development\POS-Setup\ApnaPos.exe;bin\lib\AbsoluteLayout-RELEASE802.jar;bin\lib\ChromisCtrls.jar;bin\lib\RXTXcomm.jar;bin\lib\activation-1.0.2.jar;bin\lib\ant-1.7.1.jar;bin\lib\aopalliance-1.0.jar;bin\lib\axis-1.4.jar;bin\lib\axis-jaxrpc-1.4.jar;bin\lib\axis-wsdl4j-1.5.1.jar;bin\lib\backport-util-concurrent-3.1.jar;bin\lib\barcode4j-2.1.jar;bin\lib\bcmail-jdk14-138.jar;bin\lib\bcpg-jdk15on-1.50.jar;bin\lib\bcprov-jdk15on-1.50.jar;bin\lib\bctsp-jdk14-1.38.jar;bin\lib\bluecove-gpl-2.1.0.jar;bin\lib\bsh-2.0b5.jar;bin\lib\chromiscjtl.jar;bin\lib\colorpicker.jar;bin\lib\commons-beanutils-1.9.2.jar;bin\lib\commons-codec-1.10.jar;bin\lib\commons-collections-3.2.1.jar;bin\lib\commons-digester-2.1.jar;bin\lib\commons-discovery-0.5.jar;bin\lib\commons-io-2.4.jar;bin\lib\commons-lang-2.6.jar;bin\lib\commons-logging-1.1.1.jar;bin\lib\controlsfx-8.40.12.jar;bin\lib\core-3.2.1.jar;bin\lib\derby-10.14.1.0.jar;bin\lib\ecj-4.4.2.jar;bin\lib\fop-2.3.jar;bin\lib\gson-2.2.2.jar;bin\lib\hamcrest-core-1.3.jar;bin\lib\httpclient-4.0-alpha4.jar;bin\lib\httpcore-4.0-beta1.jar;bin\lib\iTextAsian.jar;bin\lib\itext-2.1.7.jar;bin\lib\jasperreports-6.2.1.jar;bin\lib\jasperreports-fonts-6.2.1.jar;bin\lib\jasperreports-functions-6.2.1.jar;bin\lib\jasypt-1.9.1.jar;bin\lib\javacsv-2.0.jar;bin\lib\javatuples-1.2.jar;bin\lib\javax.inject-1.jar;bin\lib\jcommon-1.0.23.jar;bin\lib\jdbm-1.0.jar;bin\lib\jdom-1.1.3.jar;bin\lib\je-5.0.73.jar;bin\lib\jersey-bundle-1.9-ea04.jar;bin\lib\jersey-core-1.15.jar;bin\lib\jersey-multipart-1.15.jar;bin\lib\jfreechart-1.0.19.jar;bin\lib\jline-1.0.jar;bin\lib\joda-time-2.8.2.jar;bin\lib\jpos-1.13.jar;bin\lib\js-1.5R4.1.jar;bin\lib\json-simple-1.1.1.jar;bin\lib\jsr311-api-1.1.1.jar;bin\lib\junit-4.11.jar;bin\lib\jxl-2.4.2.jar;bin\lib\kxml2-2.3.0.jar;bin\lib\lablib-checkboxtree-4.0.jar;bin\lib\laf-plugin-7.2.1.jar;bin\lib\laf-widget-7.2.1.jar;bin\lib\liquibase.jar;bin\lib\lite-2.2.3.jar;bin\lib\log4j-1.2.17.jar;bin\lib\logback-classic-1.2.3.jar;bin\lib\logback-core-1.2.3.jar;bin\lib\lucene-analyzers-common-4.5.1.jar;bin\lib\lucene-core-4.5.1.jar;bin\lib\lucene-queries-4.5.1.jar;bin\lib\lucene-queryparser-4.5.1.jar;bin\lib\lucene-sandbox-4.5.1.jar;bin\lib\mail-1.4.7.jar;bin\lib\miglayout-4.0.jar;bin\lib\mimepull-1.6.jar;bin\lib\mysql-connector-java-5.1.45.jar;bin\lib\nrjavaserial-3.11.0.jar;bin\lib\olap4j-0.9.7.309-JS-3.jar;bin\lib\org.eclipse.jdt.core-3.10.0.jar;bin\lib\org.osgi.core-4.3.1.jar;bin\lib\oro-2.0.8.jar;bin\lib\poi-3.12.jar;bin\lib\postgresql-9.4-1201-jdbc4.jar;bin\lib\royalblueimages.jar;bin\lib\rsyntaxtextarea-2.6.0.jar;bin\lib\saaj-api-1.3.5.jar;bin\lib\slf4j-api-1.7.25.jar;bin\lib\slf4j-log4j12-1.6.2.jar;bin\lib\stax-api-1.0-2.jar;bin\lib\substance-6.0.jar;bin\lib\substance-extras.jar;bin\lib\substance-swingx-7.3.jar;bin\lib\substance.jar;bin\lib\swing-layout-1.0.3.jar;bin\lib\swingx-action-1.6.3.jar;bin\lib\swingx-all-1.6.5-1.jar;bin\lib\swingx-autocomplete-1.6.3.jar;bin\lib\swingx-common-1.6.3.jar;bin\lib\swingx-core-1.6.3.jar;bin\lib\swingx-painters-1.6.3.jar;bin\lib\swingx-plaf-1.6.3.jar;bin\lib\trident-1.2.jar;bin\lib\trident-7.2.1-swing.jar;bin\lib\velocity-1.7.jar;bin\lib\xercesImpl-2.10.0.jar;bin\lib\xml-apis-1.4.01.jar;bin\lib\xmlParserAPIs-2.0.2.jar;bin\lib\zxing-2.1.jar;bin\lib\LicenseFileGenerator.jar" uk.chromis.pos.forms.StartPOS
Args length:	3331/32768 chars
Exit code:	259
